Configuring for:
PHP Api Version:         20160303
Zend Module Api No:      20160303
Zend Extension Api No:   320160303
checking for grep that handles long lines and -e... /usr/bin/grep
checking for egrep... /usr/bin/grep -E
checking for a sed that does not truncate output... /usr/bin/sed
checking for cc... cc
checking whether the C compiler works... yes
checking for C compiler default output file name... a.out
checking for suffix of executables... 
checking whether we are cross compiling... no
checking for suffix of object files... o
checking whether we are using the GNU C compiler... yes
checking whether cc accepts -g... yes
checking for cc option to accept ISO C89... none needed
checking how to run the C preprocessor... cc -E
checking for icc... no
checking for suncc... no
checking whether cc understands -c and -o together... yes
checking for system library directory... lib
checking if compiler supports -R... no
checking if compiler supports -Wl,-rpath,... yes
checking build system type... x86_64-apple-darwin18.2.0
checking host system type... x86_64-apple-darwin18.2.0
checking target system type... x86_64-apple-darwin18.2.0
checking for PHP prefix... /Users/macpro/.phpbrew/php/php-7.1.24
checking for PHP includes... -I/Users/macpro/.phpbrew/php/php-7.1.24/include/php -I/Users/macpro/.phpbrew/php/php-7.1.24/include/php/main -I/Users/macpro/.phpbrew/php/php-7.1.24/include/php/TSRM -I/Users/macpro/.phpbrew/php/php-7.1.24/include/php/Zend -I/Users/macpro/.phpbrew/php/php-7.1.24/include/php/ext -I/Users/macpro/.phpbrew/php/php-7.1.24/include/php/ext/date/lib
checking for PHP extension directory... /Users/macpro/.phpbrew/php/php-7.1.24/lib/php/extensions/no-debug-non-zts-20160303
checking for PHP installed headers prefix... /Users/macpro/.phpbrew/php/php-7.1.24/include/php
checking if debug is enabled... no
checking if zts is enabled... no
checking for re2c... no
configure: WARNING: You will need re2c 0.13.4 or later if you want to regenerate PHP parsers.
checking for gawk... no
checking for nawk... no
checking for awk... awk
checking if awk is broken... no
checking for GD support... yes, shared
checking for the location of libwebp... no
checking for the location of libjpeg... /usr/local/Cellar/jpeg/9c/
checking for the location of libpng... no
checking for the location of libz... /usr/local/Cellar/zlib/1.2.11/
checking for the location of libXpm... no
checking for FreeType 2... /usr/local/Cellar/freetype/2.9.1/
checking whether to enable truetype string function in GD... no
checking whether to enable JIS-mapped Japanese font support in GD... no
If configure fails try --with-webp-dir=<DIR>
checking for jpeg_read_header in -ljpeg... yes
checking for png_write_image in -lpng... yes
If configure fails try --with-xpm-dir=<DIR>
checking for fabsf... yes
checking for floorf... yes
checking for ld used by cc... /Library/Developer/CommandLineTools/usr/bin/ld
checking if the linker (/Library/Developer/CommandLineTools/usr/bin/ld) is GNU ld... no
checking for /Library/Developer/CommandLineTools/usr/bin/ld option to reload object files... -r
checking for BSD-compatible nm... /usr/bin/nm -B
checking whether ln -s works... yes
checking how to recognize dependent libraries... pass_all
checking for ANSI C header files... yes
checking for sys/types.h... yes
checking for sys/stat.h... yes
checking for stdlib.h... yes
checking for string.h... yes
checking for memory.h... yes
checking for strings.h... yes
checking for inttypes.h... yes
checking for stdint.h... yes
checking for unistd.h... yes
checking dlfcn.h usability... yes
checking dlfcn.h presence... yes
checking for dlfcn.h... yes
checking the maximum length of command line arguments... 196608
checking command to parse /usr/bin/nm -B output from cc object... ok
checking for objdir... .libs
checking for ar... ar
checking for ranlib... ranlib
checking for strip... strip
checking for dsymutil... dsymutil
checking for nmedit... nmedit
checking for -single_module linker flag... yes
checking for -exported_symbols_list linker flag... yes
checking if cc supports -fno-rtti -fno-exceptions... yes
checking for cc option to produce PIC... -fno-common
checking if cc PIC flag -fno-common works... yes
checking if cc static flag -static works... no
checking if cc supports -c -o file.o... yes
checking whether the cc linker (/Library/Developer/CommandLineTools/usr/bin/ld) supports shared libraries... yes
checking dynamic linker characteristics... darwin18.2.0 dyld
checking how to hardcode library paths into programs... immediate
checking whether stripping libraries is possible... yes
checking if libtool supports shared libraries... yes
checking whether to build shared libraries... yes
checking whether to build static libraries... no

creating libtool
appending configuration tag "CXX" to libtool
configure: creating ./config.status
config.status: creating config.h
/bin/sh /Users/macpro/.phpbrew/build/php-7.1.24/ext/gd/libtool --mode=compile cc -I/Users/macpro/.phpbrew/build/php-7.1.24/ext/gd/libgd -DHAVE_LIBPNG -DHAVE_LIBJPEG -DHAVE_LIBFREETYPE -DENABLE_GD_TTF -I. -I/Users/macpro/.phpbrew/build/php-7.1.24/ext/gd -DPHP_ATOM_INC -I/Users/macpro/.phpbrew/build/php-7.1.24/ext/gd/include -I/Users/macpro/.phpbrew/build/php-7.1.24/ext/gd/main -I/Users/macpro/.phpbrew/build/php-7.1.24/ext/gd -I/Users/macpro/.phpbrew/php/php-7.1.24/include/php -I/Users/macpro/.phpbrew/php/php-7.1.24/include/php/main -I/Users/macpro/.phpbrew/php/php-7.1.24/include/php/TSRM -I/Users/macpro/.phpbrew/php/php-7.1.24/include/php/Zend -I/Users/macpro/.phpbrew/php/php-7.1.24/include/php/ext -I/Users/macpro/.phpbrew/php/php-7.1.24/include/php/ext/date/lib -I/usr/local/Cellar/jpeg/9c//include -I/usr/local/include -I/usr/local/opt/freetype/include/freetype2  -DHAVE_CONFIG_H  -g -O2   -c /Users/macpro/.phpbrew/build/php-7.1.24/ext/gd/gd.c -o gd.lo 
mkdir .libs
 cc -I/Users/macpro/.phpbrew/build/php-7.1.24/ext/gd/libgd -DHAVE_LIBPNG -DHAVE_LIBJPEG -DHAVE_LIBFREETYPE -DENABLE_GD_TTF -I. -I/Users/macpro/.phpbrew/build/php-7.1.24/ext/gd -DPHP_ATOM_INC -I/Users/macpro/.phpbrew/build/php-7.1.24/ext/gd/include -I/Users/macpro/.phpbrew/build/php-7.1.24/ext/gd/main -I/Users/macpro/.phpbrew/build/php-7.1.24/ext/gd -I/Users/macpro/.phpbrew/php/php-7.1.24/include/php -I/Users/macpro/.phpbrew/php/php-7.1.24/include/php/main -I/Users/macpro/.phpbrew/php/php-7.1.24/include/php/TSRM -I/Users/macpro/.phpbrew/php/php-7.1.24/include/php/Zend -I/Users/macpro/.phpbrew/php/php-7.1.24/include/php/ext -I/Users/macpro/.phpbrew/php/php-7.1.24/include/php/ext/date/lib -I/usr/local/Cellar/jpeg/9c//include -I/usr/local/include -I/usr/local/opt/freetype/include/freetype2 -DHAVE_CONFIG_H -g -O2 -c /Users/macpro/.phpbrew/build/php-7.1.24/ext/gd/gd.c  -fno-common -DPIC -o .libs/gd.o
/bin/sh /Users/macpro/.phpbrew/build/php-7.1.24/ext/gd/libtool --mode=compile cc -I/Users/macpro/.phpbrew/build/php-7.1.24/ext/gd/libgd -DHAVE_LIBPNG -DHAVE_LIBJPEG -DHAVE_LIBFREETYPE -DENABLE_GD_TTF -I. -I/Users/macpro/.phpbrew/build/php-7.1.24/ext/gd -DPHP_ATOM_INC -I/Users/macpro/.phpbrew/build/php-7.1.24/ext/gd/include -I/Users/macpro/.phpbrew/build/php-7.1.24/ext/gd/main -I/Users/macpro/.phpbrew/build/php-7.1.24/ext/gd -I/Users/macpro/.phpbrew/php/php-7.1.24/include/php -I/Users/macpro/.phpbrew/php/php-7.1.24/include/php/main -I/Users/macpro/.phpbrew/php/php-7.1.24/include/php/TSRM -I/Users/macpro/.phpbrew/php/php-7.1.24/include/php/Zend -I/Users/macpro/.phpbrew/php/php-7.1.24/include/php/ext -I/Users/macpro/.phpbrew/php/php-7.1.24/include/php/ext/date/lib -I/usr/local/Cellar/jpeg/9c//include -I/usr/local/include -I/usr/local/opt/freetype/include/freetype2  -DHAVE_CONFIG_H  -g -O2   -c /Users/macpro/.phpbrew/build/php-7.1.24/ext/gd/libgd/gd.c -o libgd/gd.lo 
mkdir libgd/.libs
 cc -I/Users/macpro/.phpbrew/build/php-7.1.24/ext/gd/libgd -DHAVE_LIBPNG -DHAVE_LIBJPEG -DHAVE_LIBFREETYPE -DENABLE_GD_TTF -I. -I/Users/macpro/.phpbrew/build/php-7.1.24/ext/gd -DPHP_ATOM_INC -I/Users/macpro/.phpbrew/build/php-7.1.24/ext/gd/include -I/Users/macpro/.phpbrew/build/php-7.1.24/ext/gd/main -I/Users/macpro/.phpbrew/build/php-7.1.24/ext/gd -I/Users/macpro/.phpbrew/php/php-7.1.24/include/php -I/Users/macpro/.phpbrew/php/php-7.1.24/include/php/main -I/Users/macpro/.phpbrew/php/php-7.1.24/include/php/TSRM -I/Users/macpro/.phpbrew/php/php-7.1.24/include/php/Zend -I/Users/macpro/.phpbrew/php/php-7.1.24/include/php/ext -I/Users/macpro/.phpbrew/php/php-7.1.24/include/php/ext/date/lib -I/usr/local/Cellar/jpeg/9c//include -I/usr/local/include -I/usr/local/opt/freetype/include/freetype2 -DHAVE_CONFIG_H -g -O2 -c /Users/macpro/.phpbrew/build/php-7.1.24/ext/gd/libgd/gd.c  -fno-common -DPIC -o libgd/.libs/gd.o
/Users/macpro/.phpbrew/build/php-7.1.24/ext/gd/libgd/gd.c:1313:6: warning: absolute value function 'abs' given an argument of type 'long' but has parameter of type 'int' which may cause truncation of value [-Wabsolute-value]
        if (abs(dx) > abs(dy)) {
            ^
/Users/macpro/.phpbrew/build/php-7.1.24/ext/gd/libgd/gd.c:1313:6: note: use function 'labs' instead
        if (abs(dx) > abs(dy)) {
            ^~~
            labs
/Users/macpro/.phpbrew/build/php-7.1.24/ext/gd/libgd/gd.c:1313:16: warning: absolute value function 'abs' given an argument of type 'long' but has parameter of type 'int' which may cause truncation of value [-Wabsolute-value]
        if (abs(dx) > abs(dy)) {
                      ^
/Users/macpro/.phpbrew/build/php-7.1.24/ext/gd/libgd/gd.c:1313:16: note: use function 'labs' instead
        if (abs(dx) > abs(dy)) {
                      ^~~
                      labs
2 warnings generated.
/bin/sh /Users/macpro/.phpbrew/build/php-7.1.24/ext/gd/libtool --mode=compile cc -I/Users/macpro/.phpbrew/build/php-7.1.24/ext/gd/libgd -DHAVE_LIBPNG -DHAVE_LIBJPEG -DHAVE_LIBFREETYPE -DENABLE_GD_TTF -I. -I/Users/macpro/.phpbrew/build/php-7.1.24/ext/gd -DPHP_ATOM_INC -I/Users/macpro/.phpbrew/build/php-7.1.24/ext/gd/include -I/Users/macpro/.phpbrew/build/php-7.1.24/ext/gd/main -I/Users/macpro/.phpbrew/build/php-7.1.24/ext/gd -I/Users/macpro/.phpbrew/php/php-7.1.24/include/php -I/Users/macpro/.phpbrew/php/php-7.1.24/include/php/main -I/Users/macpro/.phpbrew/php/php-7.1.24/include/php/TSRM -I/Users/macpro/.phpbrew/php/php-7.1.24/include/php/Zend -I/Users/macpro/.phpbrew/php/php-7.1.24/include/php/ext -I/Users/macpro/.phpbrew/php/php-7.1.24/include/php/ext/date/lib -I/usr/local/Cellar/jpeg/9c//include -I/usr/local/include -I/usr/local/opt/freetype/include/freetype2  -DHAVE_CONFIG_H  -g -O2   -c /Users/macpro/.phpbrew/build/php-7.1.24/ext/gd/libgd/gd_gd.c -o libgd/gd_gd.lo 
 cc -I/Users/macpro/.phpbrew/build/php-7.1.24/ext/gd/libgd -DHAVE_LIBPNG -DHAVE_LIBJPEG -DHAVE_LIBFREETYPE -DENABLE_GD_TTF -I. -I/Users/macpro/.phpbrew/build/php-7.1.24/ext/gd -DPHP_ATOM_INC -I/Users/macpro/.phpbrew/build/php-7.1.24/ext/gd/include -I/Users/macpro/.phpbrew/build/php-7.1.24/ext/gd/main -I/Users/macpro/.phpbrew/build/php-7.1.24/ext/gd -I/Users/macpro/.phpbrew/php/php-7.1.24/include/php -I/Users/macpro/.phpbrew/php/php-7.1.24/include/php/main -I/Users/macpro/.phpbrew/php/php-7.1.24/include/php/TSRM -I/Users/macpro/.phpbrew/php/php-7.1.24/include/php/Zend -I/Users/macpro/.phpbrew/php/php-7.1.24/include/php/ext -I/Users/macpro/.phpbrew/php/php-7.1.24/include/php/ext/date/lib -I/usr/local/Cellar/jpeg/9c//include -I/usr/local/include -I/usr/local/opt/freetype/include/freetype2 -DHAVE_CONFIG_H -g -O2 -c /Users/macpro/.phpbrew/build/php-7.1.24/ext/gd/libgd/gd_gd.c  -fno-common -DPIC -o libgd/.libs/gd_gd.o
/bin/sh /Users/macpro/.phpbrew/build/php-7.1.24/ext/gd/libtool --mode=compile cc -I/Users/macpro/.phpbrew/build/php-7.1.24/ext/gd/libgd -DHAVE_LIBPNG -DHAVE_LIBJPEG -DHAVE_LIBFREETYPE -DENABLE_GD_TTF -I. -I/Users/macpro/.phpbrew/build/php-7.1.24/ext/gd -DPHP_ATOM_INC -I/Users/macpro/.phpbrew/build/php-7.1.24/ext/gd/include -I/Users/macpro/.phpbrew/build/php-7.1.24/ext/gd/main -I/Users/macpro/.phpbrew/build/php-7.1.24/ext/gd -I/Users/macpro/.phpbrew/php/php-7.1.24/include/php -I/Users/macpro/.phpbrew/php/php-7.1.24/include/php/main -I/Users/macpro/.phpbrew/php/php-7.1.24/include/php/TSRM -I/Users/macpro/.phpbrew/php/php-7.1.24/include/php/Zend -I/Users/macpro/.phpbrew/php/php-7.1.24/include/php/ext -I/Users/macpro/.phpbrew/php/php-7.1.24/include/php/ext/date/lib -I/usr/local/Cellar/jpeg/9c//include -I/usr/local/include -I/usr/local/opt/freetype/include/freetype2  -DHAVE_CONFIG_H  -g -O2   -c /Users/macpro/.phpbrew/build/php-7.1.24/ext/gd/libgd/gd_gd2.c -o libgd/gd_gd2.lo 
 cc -I/Users/macpro/.phpbrew/build/php-7.1.24/ext/gd/libgd -DHAVE_LIBPNG -DHAVE_LIBJPEG -DHAVE_LIBFREETYPE -DENABLE_GD_TTF -I. -I/Users/macpro/.phpbrew/build/php-7.1.24/ext/gd -DPHP_ATOM_INC -I/Users/macpro/.phpbrew/build/php-7.1.24/ext/gd/include -I/Users/macpro/.phpbrew/build/php-7.1.24/ext/gd/main -I/Users/macpro/.phpbrew/build/php-7.1.24/ext/gd -I/Users/macpro/.phpbrew/php/php-7.1.24/include/php -I/Users/macpro/.phpbrew/php/php-7.1.24/include/php/main -I/Users/macpro/.phpbrew/php/php-7.1.24/include/php/TSRM -I/Users/macpro/.phpbrew/php/php-7.1.24/include/php/Zend -I/Users/macpro/.phpbrew/php/php-7.1.24/include/php/ext -I/Users/macpro/.phpbrew/php/php-7.1.24/include/php/ext/date/lib -I/usr/local/Cellar/jpeg/9c//include -I/usr/local/include -I/usr/local/opt/freetype/include/freetype2 -DHAVE_CONFIG_H -g -O2 -c /Users/macpro/.phpbrew/build/php-7.1.24/ext/gd/libgd/gd_gd2.c  -fno-common -DPIC -o libgd/.libs/gd_gd2.o
/bin/sh /Users/macpro/.phpbrew/build/php-7.1.24/ext/gd/libtool --mode=compile cc -I/Users/macpro/.phpbrew/build/php-7.1.24/ext/gd/libgd -DHAVE_LIBPNG -DHAVE_LIBJPEG -DHAVE_LIBFREETYPE -DENABLE_GD_TTF -I. -I/Users/macpro/.phpbrew/build/php-7.1.24/ext/gd -DPHP_ATOM_INC -I/Users/macpro/.phpbrew/build/php-7.1.24/ext/gd/include -I/Users/macpro/.phpbrew/build/php-7.1.24/ext/gd/main -I/Users/macpro/.phpbrew/build/php-7.1.24/ext/gd -I/Users/macpro/.phpbrew/php/php-7.1.24/include/php -I/Users/macpro/.phpbrew/php/php-7.1.24/include/php/main -I/Users/macpro/.phpbrew/php/php-7.1.24/include/php/TSRM -I/Users/macpro/.phpbrew/php/php-7.1.24/include/php/Zend -I/Users/macpro/.phpbrew/php/php-7.1.24/include/php/ext -I/Users/macpro/.phpbrew/php/php-7.1.24/include/php/ext/date/lib -I/usr/local/Cellar/jpeg/9c//include -I/usr/local/include -I/usr/local/opt/freetype/include/freetype2  -DHAVE_CONFIG_H  -g -O2   -c /Users/macpro/.phpbrew/build/php-7.1.24/ext/gd/libgd/gd_io.c -o libgd/gd_io.lo 
 cc -I/Users/macpro/.phpbrew/build/php-7.1.24/ext/gd/libgd -DHAVE_LIBPNG -DHAVE_LIBJPEG -DHAVE_LIBFREETYPE -DENABLE_GD_TTF -I. -I/Users/macpro/.phpbrew/build/php-7.1.24/ext/gd -DPHP_ATOM_INC -I/Users/macpro/.phpbrew/build/php-7.1.24/ext/gd/include -I/Users/macpro/.phpbrew/build/php-7.1.24/ext/gd/main -I/Users/macpro/.phpbrew/build/php-7.1.24/ext/gd -I/Users/macpro/.phpbrew/php/php-7.1.24/include/php -I/Users/macpro/.phpbrew/php/php-7.1.24/include/php/main -I/Users/macpro/.phpbrew/php/php-7.1.24/include/php/TSRM -I/Users/macpro/.phpbrew/php/php-7.1.24/include/php/Zend -I/Users/macpro/.phpbrew/php/php-7.1.24/include/php/ext -I/Users/macpro/.phpbrew/php/php-7.1.24/include/php/ext/date/lib -I/usr/local/Cellar/jpeg/9c//include -I/usr/local/include -I/usr/local/opt/freetype/include/freetype2 -DHAVE_CONFIG_H -g -O2 -c /Users/macpro/.phpbrew/build/php-7.1.24/ext/gd/libgd/gd_io.c  -fno-common -DPIC -o libgd/.libs/gd_io.o
/bin/sh /Users/macpro/.phpbrew/build/php-7.1.24/ext/gd/libtool --mode=compile cc -I/Users/macpro/.phpbrew/build/php-7.1.24/ext/gd/libgd -DHAVE_LIBPNG -DHAVE_LIBJPEG -DHAVE_LIBFREETYPE -DENABLE_GD_TTF -I. -I/Users/macpro/.phpbrew/build/php-7.1.24/ext/gd -DPHP_ATOM_INC -I/Users/macpro/.phpbrew/build/php-7.1.24/ext/gd/include -I/Users/macpro/.phpbrew/build/php-7.1.24/ext/gd/main -I/Users/macpro/.phpbrew/build/php-7.1.24/ext/gd -I/Users/macpro/.phpbrew/php/php-7.1.24/include/php -I/Users/macpro/.phpbrew/php/php-7.1.24/include/php/main -I/Users/macpro/.phpbrew/php/php-7.1.24/include/php/TSRM -I/Users/macpro/.phpbrew/php/php-7.1.24/include/php/Zend -I/Users/macpro/.phpbrew/php/php-7.1.24/include/php/ext -I/Users/macpro/.phpbrew/php/php-7.1.24/include/php/ext/date/lib -I/usr/local/Cellar/jpeg/9c//include -I/usr/local/include -I/usr/local/opt/freetype/include/freetype2  -DHAVE_CONFIG_H  -g -O2   -c /Users/macpro/.phpbrew/build/php-7.1.24/ext/gd/libgd/gd_io_dp.c -o libgd/gd_io_dp.lo 
 cc -I/Users/macpro/.phpbrew/build/php-7.1.24/ext/gd/libgd -DHAVE_LIBPNG -DHAVE_LIBJPEG -DHAVE_LIBFREETYPE -DENABLE_GD_TTF -I. -I/Users/macpro/.phpbrew/build/php-7.1.24/ext/gd -DPHP_ATOM_INC -I/Users/macpro/.phpbrew/build/php-7.1.24/ext/gd/include -I/Users/macpro/.phpbrew/build/php-7.1.24/ext/gd/main -I/Users/macpro/.phpbrew/build/php-7.1.24/ext/gd -I/Users/macpro/.phpbrew/php/php-7.1.24/include/php -I/Users/macpro/.phpbrew/php/php-7.1.24/include/php/main -I/Users/macpro/.phpbrew/php/php-7.1.24/include/php/TSRM -I/Users/macpro/.phpbrew/php/php-7.1.24/include/php/Zend -I/Users/macpro/.phpbrew/php/php-7.1.24/include/php/ext -I/Users/macpro/.phpbrew/php/php-7.1.24/include/php/ext/date/lib -I/usr/local/Cellar/jpeg/9c//include -I/usr/local/include -I/usr/local/opt/freetype/include/freetype2 -DHAVE_CONFIG_H -g -O2 -c /Users/macpro/.phpbrew/build/php-7.1.24/ext/gd/libgd/gd_io_dp.c  -fno-common -DPIC -o libgd/.libs/gd_io_dp.o
/bin/sh /Users/macpro/.phpbrew/build/php-7.1.24/ext/gd/libtool --mode=compile cc -I/Users/macpro/.phpbrew/build/php-7.1.24/ext/gd/libgd -DHAVE_LIBPNG -DHAVE_LIBJPEG -DHAVE_LIBFREETYPE -DENABLE_GD_TTF -I. -I/Users/macpro/.phpbrew/build/php-7.1.24/ext/gd -DPHP_ATOM_INC -I/Users/macpro/.phpbrew/build/php-7.1.24/ext/gd/include -I/Users/macpro/.phpbrew/build/php-7.1.24/ext/gd/main -I/Users/macpro/.phpbrew/build/php-7.1.24/ext/gd -I/Users/macpro/.phpbrew/php/php-7.1.24/include/php -I/Users/macpro/.phpbrew/php/php-7.1.24/include/php/main -I/Users/macpro/.phpbrew/php/php-7.1.24/include/php/TSRM -I/Users/macpro/.phpbrew/php/php-7.1.24/include/php/Zend -I/Users/macpro/.phpbrew/php/php-7.1.24/include/php/ext -I/Users/macpro/.phpbrew/php/php-7.1.24/include/php/ext/date/lib -I/usr/local/Cellar/jpeg/9c//include -I/usr/local/include -I/usr/local/opt/freetype/include/freetype2  -DHAVE_CONFIG_H  -g -O2   -c /Users/macpro/.phpbrew/build/php-7.1.24/ext/gd/libgd/gd_io_file.c -o libgd/gd_io_file.lo 
 cc -I/Users/macpro/.phpbrew/build/php-7.1.24/ext/gd/libgd -DHAVE_LIBPNG -DHAVE_LIBJPEG -DHAVE_LIBFREETYPE -DENABLE_GD_TTF -I. -I/Users/macpro/.phpbrew/build/php-7.1.24/ext/gd -DPHP_ATOM_INC -I/Users/macpro/.phpbrew/build/php-7.1.24/ext/gd/include -I/Users/macpro/.phpbrew/build/php-7.1.24/ext/gd/main -I/Users/macpro/.phpbrew/build/php-7.1.24/ext/gd -I/Users/macpro/.phpbrew/php/php-7.1.24/include/php -I/Users/macpro/.phpbrew/php/php-7.1.24/include/php/main -I/Users/macpro/.phpbrew/php/php-7.1.24/include/php/TSRM -I/Users/macpro/.phpbrew/php/php-7.1.24/include/php/Zend -I/Users/macpro/.phpbrew/php/php-7.1.24/include/php/ext -I/Users/macpro/.phpbrew/php/php-7.1.24/include/php/ext/date/lib -I/usr/local/Cellar/jpeg/9c//include -I/usr/local/include -I/usr/local/opt/freetype/include/freetype2 -DHAVE_CONFIG_H -g -O2 -c /Users/macpro/.phpbrew/build/php-7.1.24/ext/gd/libgd/gd_io_file.c  -fno-common -DPIC -o libgd/.libs/gd_io_file.o
/bin/sh /Users/macpro/.phpbrew/build/php-7.1.24/ext/gd/libtool --mode=compile cc -I/Users/macpro/.phpbrew/build/php-7.1.24/ext/gd/libgd -DHAVE_LIBPNG -DHAVE_LIBJPEG -DHAVE_LIBFREETYPE -DENABLE_GD_TTF -I. -I/Users/macpro/.phpbrew/build/php-7.1.24/ext/gd -DPHP_ATOM_INC -I/Users/macpro/.phpbrew/build/php-7.1.24/ext/gd/include -I/Users/macpro/.phpbrew/build/php-7.1.24/ext/gd/main -I/Users/macpro/.phpbrew/build/php-7.1.24/ext/gd -I/Users/macpro/.phpbrew/php/php-7.1.24/include/php -I/Users/macpro/.phpbrew/php/php-7.1.24/include/php/main -I/Users/macpro/.phpbrew/php/php-7.1.24/include/php/TSRM -I/Users/macpro/.phpbrew/php/php-7.1.24/include/php/Zend -I/Users/macpro/.phpbrew/php/php-7.1.24/include/php/ext -I/Users/macpro/.phpbrew/php/php-7.1.24/include/php/ext/date/lib -I/usr/local/Cellar/jpeg/9c//include -I/usr/local/include -I/usr/local/opt/freetype/include/freetype2  -DHAVE_CONFIG_H  -g -O2   -c /Users/macpro/.phpbrew/build/php-7.1.24/ext/gd/libgd/gd_ss.c -o libgd/gd_ss.lo 
 cc -I/Users/macpro/.phpbrew/build/php-7.1.24/ext/gd/libgd -DHAVE_LIBPNG -DHAVE_LIBJPEG -DHAVE_LIBFREETYPE -DENABLE_GD_TTF -I. -I/Users/macpro/.phpbrew/build/php-7.1.24/ext/gd -DPHP_ATOM_INC -I/Users/macpro/.phpbrew/build/php-7.1.24/ext/gd/include -I/Users/macpro/.phpbrew/build/php-7.1.24/ext/gd/main -I/Users/macpro/.phpbrew/build/php-7.1.24/ext/gd -I/Users/macpro/.phpbrew/php/php-7.1.24/include/php -I/Users/macpro/.phpbrew/php/php-7.1.24/include/php/main -I/Users/macpro/.phpbrew/php/php-7.1.24/include/php/TSRM -I/Users/macpro/.phpbrew/php/php-7.1.24/include/php/Zend -I/Users/macpro/.phpbrew/php/php-7.1.24/include/php/ext -I/Users/macpro/.phpbrew/php/php-7.1.24/include/php/ext/date/lib -I/usr/local/Cellar/jpeg/9c//include -I/usr/local/include -I/usr/local/opt/freetype/include/freetype2 -DHAVE_CONFIG_H -g -O2 -c /Users/macpro/.phpbrew/build/php-7.1.24/ext/gd/libgd/gd_ss.c  -fno-common -DPIC -o libgd/.libs/gd_ss.o
/bin/sh /Users/macpro/.phpbrew/build/php-7.1.24/ext/gd/libtool --mode=compile cc -I/Users/macpro/.phpbrew/build/php-7.1.24/ext/gd/libgd -DHAVE_LIBPNG -DHAVE_LIBJPEG -DHAVE_LIBFREETYPE -DENABLE_GD_TTF -I. -I/Users/macpro/.phpbrew/build/php-7.1.24/ext/gd -DPHP_ATOM_INC -I/Users/macpro/.phpbrew/build/php-7.1.24/ext/gd/include -I/Users/macpro/.phpbrew/build/php-7.1.24/ext/gd/main -I/Users/macpro/.phpbrew/build/php-7.1.24/ext/gd -I/Users/macpro/.phpbrew/php/php-7.1.24/include/php -I/Users/macpro/.phpbrew/php/php-7.1.24/include/php/main -I/Users/macpro/.phpbrew/php/php-7.1.24/include/php/TSRM -I/Users/macpro/.phpbrew/php/php-7.1.24/include/php/Zend -I/Users/macpro/.phpbrew/php/php-7.1.24/include/php/ext -I/Users/macpro/.phpbrew/php/php-7.1.24/include/php/ext/date/lib -I/usr/local/Cellar/jpeg/9c//include -I/usr/local/include -I/usr/local/opt/freetype/include/freetype2  -DHAVE_CONFIG_H  -g -O2   -c /Users/macpro/.phpbrew/build/php-7.1.24/ext/gd/libgd/gd_io_ss.c -o libgd/gd_io_ss.lo 
 cc -I/Users/macpro/.phpbrew/build/php-7.1.24/ext/gd/libgd -DHAVE_LIBPNG -DHAVE_LIBJPEG -DHAVE_LIBFREETYPE -DENABLE_GD_TTF -I. -I/Users/macpro/.phpbrew/build/php-7.1.24/ext/gd -DPHP_ATOM_INC -I/Users/macpro/.phpbrew/build/php-7.1.24/ext/gd/include -I/Users/macpro/.phpbrew/build/php-7.1.24/ext/gd/main -I/Users/macpro/.phpbrew/build/php-7.1.24/ext/gd -I/Users/macpro/.phpbrew/php/php-7.1.24/include/php -I/Users/macpro/.phpbrew/php/php-7.1.24/include/php/main -I/Users/macpro/.phpbrew/php/php-7.1.24/include/php/TSRM -I/Users/macpro/.phpbrew/php/php-7.1.24/include/php/Zend -I/Users/macpro/.phpbrew/php/php-7.1.24/include/php/ext -I/Users/macpro/.phpbrew/php/php-7.1.24/include/php/ext/date/lib -I/usr/local/Cellar/jpeg/9c//include -I/usr/local/include -I/usr/local/opt/freetype/include/freetype2 -DHAVE_CONFIG_H -g -O2 -c /Users/macpro/.phpbrew/build/php-7.1.24/ext/gd/libgd/gd_io_ss.c  -fno-common -DPIC -o libgd/.libs/gd_io_ss.o
/bin/sh /Users/macpro/.phpbrew/build/php-7.1.24/ext/gd/libtool --mode=compile cc -I/Users/macpro/.phpbrew/build/php-7.1.24/ext/gd/libgd -DHAVE_LIBPNG -DHAVE_LIBJPEG -DHAVE_LIBFREETYPE -DENABLE_GD_TTF -I. -I/Users/macpro/.phpbrew/build/php-7.1.24/ext/gd -DPHP_ATOM_INC -I/Users/macpro/.phpbrew/build/php-7.1.24/ext/gd/include -I/Users/macpro/.phpbrew/build/php-7.1.24/ext/gd/main -I/Users/macpro/.phpbrew/build/php-7.1.24/ext/gd -I/Users/macpro/.phpbrew/php/php-7.1.24/include/php -I/Users/macpro/.phpbrew/php/php-7.1.24/include/php/main -I/Users/macpro/.phpbrew/php/php-7.1.24/include/php/TSRM -I/Users/macpro/.phpbrew/php/php-7.1.24/include/php/Zend -I/Users/macpro/.phpbrew/php/php-7.1.24/include/php/ext -I/Users/macpro/.phpbrew/php/php-7.1.24/include/php/ext/date/lib -I/usr/local/Cellar/jpeg/9c//include -I/usr/local/include -I/usr/local/opt/freetype/include/freetype2  -DHAVE_CONFIG_H  -g -O2   -c /Users/macpro/.phpbrew/build/php-7.1.24/ext/gd/libgd/gd_webp.c -o libgd/gd_webp.lo 
 cc -I/Users/macpro/.phpbrew/build/php-7.1.24/ext/gd/libgd -DHAVE_LIBPNG -DHAVE_LIBJPEG -DHAVE_LIBFREETYPE -DENABLE_GD_TTF -I. -I/Users/macpro/.phpbrew/build/php-7.1.24/ext/gd -DPHP_ATOM_INC -I/Users/macpro/.phpbrew/build/php-7.1.24/ext/gd/include -I/Users/macpro/.phpbrew/build/php-7.1.24/ext/gd/main -I/Users/macpro/.phpbrew/build/php-7.1.24/ext/gd -I/Users/macpro/.phpbrew/php/php-7.1.24/include/php -I/Users/macpro/.phpbrew/php/php-7.1.24/include/php/main -I/Users/macpro/.phpbrew/php/php-7.1.24/include/php/TSRM -I/Users/macpro/.phpbrew/php/php-7.1.24/include/php/Zend -I/Users/macpro/.phpbrew/php/php-7.1.24/include/php/ext -I/Users/macpro/.phpbrew/php/php-7.1.24/include/php/ext/date/lib -I/usr/local/Cellar/jpeg/9c//include -I/usr/local/include -I/usr/local/opt/freetype/include/freetype2 -DHAVE_CONFIG_H -g -O2 -c /Users/macpro/.phpbrew/build/php-7.1.24/ext/gd/libgd/gd_webp.c  -fno-common -DPIC -o libgd/.libs/gd_webp.o
/bin/sh /Users/macpro/.phpbrew/build/php-7.1.24/ext/gd/libtool --mode=compile cc -I/Users/macpro/.phpbrew/build/php-7.1.24/ext/gd/libgd -DHAVE_LIBPNG -DHAVE_LIBJPEG -DHAVE_LIBFREETYPE -DENABLE_GD_TTF -I. -I/Users/macpro/.phpbrew/build/php-7.1.24/ext/gd -DPHP_ATOM_INC -I/Users/macpro/.phpbrew/build/php-7.1.24/ext/gd/include -I/Users/macpro/.phpbrew/build/php-7.1.24/ext/gd/main -I/Users/macpro/.phpbrew/build/php-7.1.24/ext/gd -I/Users/macpro/.phpbrew/php/php-7.1.24/include/php -I/Users/macpro/.phpbrew/php/php-7.1.24/include/php/main -I/Users/macpro/.phpbrew/php/php-7.1.24/include/php/TSRM -I/Users/macpro/.phpbrew/php/php-7.1.24/include/php/Zend -I/Users/macpro/.phpbrew/php/php-7.1.24/include/php/ext -I/Users/macpro/.phpbrew/php/php-7.1.24/include/php/ext/date/lib -I/usr/local/Cellar/jpeg/9c//include -I/usr/local/include -I/usr/local/opt/freetype/include/freetype2  -DHAVE_CONFIG_H  -g -O2   -c /Users/macpro/.phpbrew/build/php-7.1.24/ext/gd/libgd/gd_png.c -o libgd/gd_png.lo 
 cc -I/Users/macpro/.phpbrew/build/php-7.1.24/ext/gd/libgd -DHAVE_LIBPNG -DHAVE_LIBJPEG -DHAVE_LIBFREETYPE -DENABLE_GD_TTF -I. -I/Users/macpro/.phpbrew/build/php-7.1.24/ext/gd -DPHP_ATOM_INC -I/Users/macpro/.phpbrew/build/php-7.1.24/ext/gd/include -I/Users/macpro/.phpbrew/build/php-7.1.24/ext/gd/main -I/Users/macpro/.phpbrew/build/php-7.1.24/ext/gd -I/Users/macpro/.phpbrew/php/php-7.1.24/include/php -I/Users/macpro/.phpbrew/php/php-7.1.24/include/php/main -I/Users/macpro/.phpbrew/php/php-7.1.24/include/php/TSRM -I/Users/macpro/.phpbrew/php/php-7.1.24/include/php/Zend -I/Users/macpro/.phpbrew/php/php-7.1.24/include/php/ext -I/Users/macpro/.phpbrew/php/php-7.1.24/include/php/ext/date/lib -I/usr/local/Cellar/jpeg/9c//include -I/usr/local/include -I/usr/local/opt/freetype/include/freetype2 -DHAVE_CONFIG_H -g -O2 -c /Users/macpro/.phpbrew/build/php-7.1.24/ext/gd/libgd/gd_png.c  -fno-common -DPIC -o libgd/.libs/gd_png.o
/bin/sh /Users/macpro/.phpbrew/build/php-7.1.24/ext/gd/libtool --mode=compile cc -I/Users/macpro/.phpbrew/build/php-7.1.24/ext/gd/libgd -DHAVE_LIBPNG -DHAVE_LIBJPEG -DHAVE_LIBFREETYPE -DENABLE_GD_TTF -I. -I/Users/macpro/.phpbrew/build/php-7.1.24/ext/gd -DPHP_ATOM_INC -I/Users/macpro/.phpbrew/build/php-7.1.24/ext/gd/include -I/Users/macpro/.phpbrew/build/php-7.1.24/ext/gd/main -I/Users/macpro/.phpbrew/build/php-7.1.24/ext/gd -I/Users/macpro/.phpbrew/php/php-7.1.24/include/php -I/Users/macpro/.phpbrew/php/php-7.1.24/include/php/main -I/Users/macpro/.phpbrew/php/php-7.1.24/include/php/TSRM -I/Users/macpro/.phpbrew/php/php-7.1.24/include/php/Zend -I/Users/macpro/.phpbrew/php/php-7.1.24/include/php/ext -I/Users/macpro/.phpbrew/php/php-7.1.24/include/php/ext/date/lib -I/usr/local/Cellar/jpeg/9c//include -I/usr/local/include -I/usr/local/opt/freetype/include/freetype2  -DHAVE_CONFIG_H  -g -O2   -c /Users/macpro/.phpbrew/build/php-7.1.24/ext/gd/libgd/gd_jpeg.c -o libgd/gd_jpeg.lo 
 cc -I/Users/macpro/.phpbrew/build/php-7.1.24/ext/gd/libgd -DHAVE_LIBPNG -DHAVE_LIBJPEG -DHAVE_LIBFREETYPE -DENABLE_GD_TTF -I. -I/Users/macpro/.phpbrew/build/php-7.1.24/ext/gd -DPHP_ATOM_INC -I/Users/macpro/.phpbrew/build/php-7.1.24/ext/gd/include -I/Users/macpro/.phpbrew/build/php-7.1.24/ext/gd/main -I/Users/macpro/.phpbrew/build/php-7.1.24/ext/gd -I/Users/macpro/.phpbrew/php/php-7.1.24/include/php -I/Users/macpro/.phpbrew/php/php-7.1.24/include/php/main -I/Users/macpro/.phpbrew/php/php-7.1.24/include/php/TSRM -I/Users/macpro/.phpbrew/php/php-7.1.24/include/php/Zend -I/Users/macpro/.phpbrew/php/php-7.1.24/include/php/ext -I/Users/macpro/.phpbrew/php/php-7.1.24/include/php/ext/date/lib -I/usr/local/Cellar/jpeg/9c//include -I/usr/local/include -I/usr/local/opt/freetype/include/freetype2 -DHAVE_CONFIG_H -g -O2 -c /Users/macpro/.phpbrew/build/php-7.1.24/ext/gd/libgd/gd_jpeg.c  -fno-common -DPIC -o libgd/.libs/gd_jpeg.o
/Users/macpro/.phpbrew/build/php-7.1.24/ext/gd/libgd/gd_jpeg.c:725:29: warning: incompatible pointer types assigning to 'boolean (*)(j_decompress_ptr)' (aka 'boolean (*)(struct jpeg_decompress_struct *)') from 'safeboolean (j_decompress_ptr)' (aka 'int (struct jpeg_decompress_struct *)') [-Wincompatible-pointer-types]
        src->pub.fill_input_buffer = fill_input_buffer;
                                   ^ ~~~~~~~~~~~~~~~~~
/Users/macpro/.phpbrew/build/php-7.1.24/ext/gd/libgd/gd_jpeg.c:845:32: warning: incompatible pointer types assigning to 'boolean (*)(j_compress_ptr)' (aka 'boolean (*)(struct jpeg_compress_struct *)') from 'safeboolean (j_compress_ptr)' (aka 'int (struct jpeg_compress_struct *)') [-Wincompatible-pointer-types]
        dest->pub.empty_output_buffer = empty_output_buffer;
                                      ^ ~~~~~~~~~~~~~~~~~~~
2 warnings generated.
/bin/sh /Users/macpro/.phpbrew/build/php-7.1.24/ext/gd/libtool --mode=compile cc -I/Users/macpro/.phpbrew/build/php-7.1.24/ext/gd/libgd -DHAVE_LIBPNG -DHAVE_LIBJPEG -DHAVE_LIBFREETYPE -DENABLE_GD_TTF -I. -I/Users/macpro/.phpbrew/build/php-7.1.24/ext/gd -DPHP_ATOM_INC -I/Users/macpro/.phpbrew/build/php-7.1.24/ext/gd/include -I/Users/macpro/.phpbrew/build/php-7.1.24/ext/gd/main -I/Users/macpro/.phpbrew/build/php-7.1.24/ext/gd -I/Users/macpro/.phpbrew/php/php-7.1.24/include/php -I/Users/macpro/.phpbrew/php/php-7.1.24/include/php/main -I/Users/macpro/.phpbrew/php/php-7.1.24/include/php/TSRM -I/Users/macpro/.phpbrew/php/php-7.1.24/include/php/Zend -I/Users/macpro/.phpbrew/php/php-7.1.24/include/php/ext -I/Users/macpro/.phpbrew/php/php-7.1.24/include/php/ext/date/lib -I/usr/local/Cellar/jpeg/9c//include -I/usr/local/include -I/usr/local/opt/freetype/include/freetype2  -DHAVE_CONFIG_H  -g -O2   -c /Users/macpro/.phpbrew/build/php-7.1.24/ext/gd/libgd/gdxpm.c -o libgd/gdxpm.lo 
 cc -I/Users/macpro/.phpbrew/build/php-7.1.24/ext/gd/libgd -DHAVE_LIBPNG -DHAVE_LIBJPEG -DHAVE_LIBFREETYPE -DENABLE_GD_TTF -I. -I/Users/macpro/.phpbrew/build/php-7.1.24/ext/gd -DPHP_ATOM_INC -I/Users/macpro/.phpbrew/build/php-7.1.24/ext/gd/include -I/Users/macpro/.phpbrew/build/php-7.1.24/ext/gd/main -I/Users/macpro/.phpbrew/build/php-7.1.24/ext/gd -I/Users/macpro/.phpbrew/php/php-7.1.24/include/php -I/Users/macpro/.phpbrew/php/php-7.1.24/include/php/main -I/Users/macpro/.phpbrew/php/php-7.1.24/include/php/TSRM -I/Users/macpro/.phpbrew/php/php-7.1.24/include/php/Zend -I/Users/macpro/.phpbrew/php/php-7.1.24/include/php/ext -I/Users/macpro/.phpbrew/php/php-7.1.24/include/php/ext/date/lib -I/usr/local/Cellar/jpeg/9c//include -I/usr/local/include -I/usr/local/opt/freetype/include/freetype2 -DHAVE_CONFIG_H -g -O2 -c /Users/macpro/.phpbrew/build/php-7.1.24/ext/gd/libgd/gdxpm.c  -fno-common -DPIC -o libgd/.libs/gdxpm.o
/bin/sh /Users/macpro/.phpbrew/build/php-7.1.24/ext/gd/libtool --mode=compile cc -I/Users/macpro/.phpbrew/build/php-7.1.24/ext/gd/libgd -DHAVE_LIBPNG -DHAVE_LIBJPEG -DHAVE_LIBFREETYPE -DENABLE_GD_TTF -I. -I/Users/macpro/.phpbrew/build/php-7.1.24/ext/gd -DPHP_ATOM_INC -I/Users/macpro/.phpbrew/build/php-7.1.24/ext/gd/include -I/Users/macpro/.phpbrew/build/php-7.1.24/ext/gd/main -I/Users/macpro/.phpbrew/build/php-7.1.24/ext/gd -I/Users/macpro/.phpbrew/php/php-7.1.24/include/php -I/Users/macpro/.phpbrew/php/php-7.1.24/include/php/main -I/Users/macpro/.phpbrew/php/php-7.1.24/include/php/TSRM -I/Users/macpro/.phpbrew/php/php-7.1.24/include/php/Zend -I/Users/macpro/.phpbrew/php/php-7.1.24/include/php/ext -I/Users/macpro/.phpbrew/php/php-7.1.24/include/php/ext/date/lib -I/usr/local/Cellar/jpeg/9c//include -I/usr/local/include -I/usr/local/opt/freetype/include/freetype2  -DHAVE_CONFIG_H  -g -O2   -c /Users/macpro/.phpbrew/build/php-7.1.24/ext/gd/libgd/gdfontt.c -o libgd/gdfontt.lo 
 cc -I/Users/macpro/.phpbrew/build/php-7.1.24/ext/gd/libgd -DHAVE_LIBPNG -DHAVE_LIBJPEG -DHAVE_LIBFREETYPE -DENABLE_GD_TTF -I. -I/Users/macpro/.phpbrew/build/php-7.1.24/ext/gd -DPHP_ATOM_INC -I/Users/macpro/.phpbrew/build/php-7.1.24/ext/gd/include -I/Users/macpro/.phpbrew/build/php-7.1.24/ext/gd/main -I/Users/macpro/.phpbrew/build/php-7.1.24/ext/gd -I/Users/macpro/.phpbrew/php/php-7.1.24/include/php -I/Users/macpro/.phpbrew/php/php-7.1.24/include/php/main -I/Users/macpro/.phpbrew/php/php-7.1.24/include/php/TSRM -I/Users/macpro/.phpbrew/php/php-7.1.24/include/php/Zend -I/Users/macpro/.phpbrew/php/php-7.1.24/include/php/ext -I/Users/macpro/.phpbrew/php/php-7.1.24/include/php/ext/date/lib -I/usr/local/Cellar/jpeg/9c//include -I/usr/local/include -I/usr/local/opt/freetype/include/freetype2 -DHAVE_CONFIG_H -g -O2 -c /Users/macpro/.phpbrew/build/php-7.1.24/ext/gd/libgd/gdfontt.c  -fno-common -DPIC -o libgd/.libs/gdfontt.o
/bin/sh /Users/macpro/.phpbrew/build/php-7.1.24/ext/gd/libtool --mode=compile cc -I/Users/macpro/.phpbrew/build/php-7.1.24/ext/gd/libgd -DHAVE_LIBPNG -DHAVE_LIBJPEG -DHAVE_LIBFREETYPE -DENABLE_GD_TTF -I. -I/Users/macpro/.phpbrew/build/php-7.1.24/ext/gd -DPHP_ATOM_INC -I/Users/macpro/.phpbrew/build/php-7.1.24/ext/gd/include -I/Users/macpro/.phpbrew/build/php-7.1.24/ext/gd/main -I/Users/macpro/.phpbrew/build/php-7.1.24/ext/gd -I/Users/macpro/.phpbrew/php/php-7.1.24/include/php -I/Users/macpro/.phpbrew/php/php-7.1.24/include/php/main -I/Users/macpro/.phpbrew/php/php-7.1.24/include/php/TSRM -I/Users/macpro/.phpbrew/php/php-7.1.24/include/php/Zend -I/Users/macpro/.phpbrew/php/php-7.1.24/include/php/ext -I/Users/macpro/.phpbrew/php/php-7.1.24/include/php/ext/date/lib -I/usr/local/Cellar/jpeg/9c//include -I/usr/local/include -I/usr/local/opt/freetype/include/freetype2  -DHAVE_CONFIG_H  -g -O2   -c /Users/macpro/.phpbrew/build/php-7.1.24/ext/gd/libgd/gdfonts.c -o libgd/gdfonts.lo 
 cc -I/Users/macpro/.phpbrew/build/php-7.1.24/ext/gd/libgd -DHAVE_LIBPNG -DHAVE_LIBJPEG -DHAVE_LIBFREETYPE -DENABLE_GD_TTF -I. -I/Users/macpro/.phpbrew/build/php-7.1.24/ext/gd -DPHP_ATOM_INC -I/Users/macpro/.phpbrew/build/php-7.1.24/ext/gd/include -I/Users/macpro/.phpbrew/build/php-7.1.24/ext/gd/main -I/Users/macpro/.phpbrew/build/php-7.1.24/ext/gd -I/Users/macpro/.phpbrew/php/php-7.1.24/include/php -I/Users/macpro/.phpbrew/php/php-7.1.24/include/php/main -I/Users/macpro/.phpbrew/php/php-7.1.24/include/php/TSRM -I/Users/macpro/.phpbrew/php/php-7.1.24/include/php/Zend -I/Users/macpro/.phpbrew/php/php-7.1.24/include/php/ext -I/Users/macpro/.phpbrew/php/php-7.1.24/include/php/ext/date/lib -I/usr/local/Cellar/jpeg/9c//include -I/usr/local/include -I/usr/local/opt/freetype/include/freetype2 -DHAVE_CONFIG_H -g -O2 -c /Users/macpro/.phpbrew/build/php-7.1.24/ext/gd/libgd/gdfonts.c  -fno-common -DPIC -o libgd/.libs/gdfonts.o
/bin/sh /Users/macpro/.phpbrew/build/php-7.1.24/ext/gd/libtool --mode=compile cc -I/Users/macpro/.phpbrew/build/php-7.1.24/ext/gd/libgd -DHAVE_LIBPNG -DHAVE_LIBJPEG -DHAVE_LIBFREETYPE -DENABLE_GD_TTF -I. -I/Users/macpro/.phpbrew/build/php-7.1.24/ext/gd -DPHP_ATOM_INC -I/Users/macpro/.phpbrew/build/php-7.1.24/ext/gd/include -I/Users/macpro/.phpbrew/build/php-7.1.24/ext/gd/main -I/Users/macpro/.phpbrew/build/php-7.1.24/ext/gd -I/Users/macpro/.phpbrew/php/php-7.1.24/include/php -I/Users/macpro/.phpbrew/php/php-7.1.24/include/php/main -I/Users/macpro/.phpbrew/php/php-7.1.24/include/php/TSRM -I/Users/macpro/.phpbrew/php/php-7.1.24/include/php/Zend -I/Users/macpro/.phpbrew/php/php-7.1.24/include/php/ext -I/Users/macpro/.phpbrew/php/php-7.1.24/include/php/ext/date/lib -I/usr/local/Cellar/jpeg/9c//include -I/usr/local/include -I/usr/local/opt/freetype/include/freetype2  -DHAVE_CONFIG_H  -g -O2   -c /Users/macpro/.phpbrew/build/php-7.1.24/ext/gd/libgd/gdfontmb.c -o libgd/gdfontmb.lo 
 cc -I/Users/macpro/.phpbrew/build/php-7.1.24/ext/gd/libgd -DHAVE_LIBPNG -DHAVE_LIBJPEG -DHAVE_LIBFREETYPE -DENABLE_GD_TTF -I. -I/Users/macpro/.phpbrew/build/php-7.1.24/ext/gd -DPHP_ATOM_INC -I/Users/macpro/.phpbrew/build/php-7.1.24/ext/gd/include -I/Users/macpro/.phpbrew/build/php-7.1.24/ext/gd/main -I/Users/macpro/.phpbrew/build/php-7.1.24/ext/gd -I/Users/macpro/.phpbrew/php/php-7.1.24/include/php -I/Users/macpro/.phpbrew/php/php-7.1.24/include/php/main -I/Users/macpro/.phpbrew/php/php-7.1.24/include/php/TSRM -I/Users/macpro/.phpbrew/php/php-7.1.24/include/php/Zend -I/Users/macpro/.phpbrew/php/php-7.1.24/include/php/ext -I/Users/macpro/.phpbrew/php/php-7.1.24/include/php/ext/date/lib -I/usr/local/Cellar/jpeg/9c//include -I/usr/local/include -I/usr/local/opt/freetype/include/freetype2 -DHAVE_CONFIG_H -g -O2 -c /Users/macpro/.phpbrew/build/php-7.1.24/ext/gd/libgd/gdfontmb.c  -fno-common -DPIC -o libgd/.libs/gdfontmb.o
/bin/sh /Users/macpro/.phpbrew/build/php-7.1.24/ext/gd/libtool --mode=compile cc -I/Users/macpro/.phpbrew/build/php-7.1.24/ext/gd/libgd -DHAVE_LIBPNG -DHAVE_LIBJPEG -DHAVE_LIBFREETYPE -DENABLE_GD_TTF -I. -I/Users/macpro/.phpbrew/build/php-7.1.24/ext/gd -DPHP_ATOM_INC -I/Users/macpro/.phpbrew/build/php-7.1.24/ext/gd/include -I/Users/macpro/.phpbrew/build/php-7.1.24/ext/gd/main -I/Users/macpro/.phpbrew/build/php-7.1.24/ext/gd -I/Users/macpro/.phpbrew/php/php-7.1.24/include/php -I/Users/macpro/.phpbrew/php/php-7.1.24/include/php/main -I/Users/macpro/.phpbrew/php/php-7.1.24/include/php/TSRM -I/Users/macpro/.phpbrew/php/php-7.1.24/include/php/Zend -I/Users/macpro/.phpbrew/php/php-7.1.24/include/php/ext -I/Users/macpro/.phpbrew/php/php-7.1.24/include/php/ext/date/lib -I/usr/local/Cellar/jpeg/9c//include -I/usr/local/include -I/usr/local/opt/freetype/include/freetype2  -DHAVE_CONFIG_H  -g -O2   -c /Users/macpro/.phpbrew/build/php-7.1.24/ext/gd/libgd/gdfontl.c -o libgd/gdfontl.lo 
 cc -I/Users/macpro/.phpbrew/build/php-7.1.24/ext/gd/libgd -DHAVE_LIBPNG -DHAVE_LIBJPEG -DHAVE_LIBFREETYPE -DENABLE_GD_TTF -I. -I/Users/macpro/.phpbrew/build/php-7.1.24/ext/gd -DPHP_ATOM_INC -I/Users/macpro/.phpbrew/build/php-7.1.24/ext/gd/include -I/Users/macpro/.phpbrew/build/php-7.1.24/ext/gd/main -I/Users/macpro/.phpbrew/build/php-7.1.24/ext/gd -I/Users/macpro/.phpbrew/php/php-7.1.24/include/php -I/Users/macpro/.phpbrew/php/php-7.1.24/include/php/main -I/Users/macpro/.phpbrew/php/php-7.1.24/include/php/TSRM -I/Users/macpro/.phpbrew/php/php-7.1.24/include/php/Zend -I/Users/macpro/.phpbrew/php/php-7.1.24/include/php/ext -I/Users/macpro/.phpbrew/php/php-7.1.24/include/php/ext/date/lib -I/usr/local/Cellar/jpeg/9c//include -I/usr/local/include -I/usr/local/opt/freetype/include/freetype2 -DHAVE_CONFIG_H -g -O2 -c /Users/macpro/.phpbrew/build/php-7.1.24/ext/gd/libgd/gdfontl.c  -fno-common -DPIC -o libgd/.libs/gdfontl.o
/bin/sh /Users/macpro/.phpbrew/build/php-7.1.24/ext/gd/libtool --mode=compile cc -I/Users/macpro/.phpbrew/build/php-7.1.24/ext/gd/libgd -DHAVE_LIBPNG -DHAVE_LIBJPEG -DHAVE_LIBFREETYPE -DENABLE_GD_TTF -I. -I/Users/macpro/.phpbrew/build/php-7.1.24/ext/gd -DPHP_ATOM_INC -I/Users/macpro/.phpbrew/build/php-7.1.24/ext/gd/include -I/Users/macpro/.phpbrew/build/php-7.1.24/ext/gd/main -I/Users/macpro/.phpbrew/build/php-7.1.24/ext/gd -I/Users/macpro/.phpbrew/php/php-7.1.24/include/php -I/Users/macpro/.phpbrew/php/php-7.1.24/include/php/main -I/Users/macpro/.phpbrew/php/php-7.1.24/include/php/TSRM -I/Users/macpro/.phpbrew/php/php-7.1.24/include/php/Zend -I/Users/macpro/.phpbrew/php/php-7.1.24/include/php/ext -I/Users/macpro/.phpbrew/php/php-7.1.24/include/php/ext/date/lib -I/usr/local/Cellar/jpeg/9c//include -I/usr/local/include -I/usr/local/opt/freetype/include/freetype2  -DHAVE_CONFIG_H  -g -O2   -c /Users/macpro/.phpbrew/build/php-7.1.24/ext/gd/libgd/gdfontg.c -o libgd/gdfontg.lo 
 cc -I/Users/macpro/.phpbrew/build/php-7.1.24/ext/gd/libgd -DHAVE_LIBPNG -DHAVE_LIBJPEG -DHAVE_LIBFREETYPE -DENABLE_GD_TTF -I. -I/Users/macpro/.phpbrew/build/php-7.1.24/ext/gd -DPHP_ATOM_INC -I/Users/macpro/.phpbrew/build/php-7.1.24/ext/gd/include -I/Users/macpro/.phpbrew/build/php-7.1.24/ext/gd/main -I/Users/macpro/.phpbrew/build/php-7.1.24/ext/gd -I/Users/macpro/.phpbrew/php/php-7.1.24/include/php -I/Users/macpro/.phpbrew/php/php-7.1.24/include/php/main -I/Users/macpro/.phpbrew/php/php-7.1.24/include/php/TSRM -I/Users/macpro/.phpbrew/php/php-7.1.24/include/php/Zend -I/Users/macpro/.phpbrew/php/php-7.1.24/include/php/ext -I/Users/macpro/.phpbrew/php/php-7.1.24/include/php/ext/date/lib -I/usr/local/Cellar/jpeg/9c//include -I/usr/local/include -I/usr/local/opt/freetype/include/freetype2 -DHAVE_CONFIG_H -g -O2 -c /Users/macpro/.phpbrew/build/php-7.1.24/ext/gd/libgd/gdfontg.c  -fno-common -DPIC -o libgd/.libs/gdfontg.o
/bin/sh /Users/macpro/.phpbrew/build/php-7.1.24/ext/gd/libtool --mode=compile cc -I/Users/macpro/.phpbrew/build/php-7.1.24/ext/gd/libgd -DHAVE_LIBPNG -DHAVE_LIBJPEG -DHAVE_LIBFREETYPE -DENABLE_GD_TTF -I. -I/Users/macpro/.phpbrew/build/php-7.1.24/ext/gd -DPHP_ATOM_INC -I/Users/macpro/.phpbrew/build/php-7.1.24/ext/gd/include -I/Users/macpro/.phpbrew/build/php-7.1.24/ext/gd/main -I/Users/macpro/.phpbrew/build/php-7.1.24/ext/gd -I/Users/macpro/.phpbrew/php/php-7.1.24/include/php -I/Users/macpro/.phpbrew/php/php-7.1.24/include/php/main -I/Users/macpro/.phpbrew/php/php-7.1.24/include/php/TSRM -I/Users/macpro/.phpbrew/php/php-7.1.24/include/php/Zend -I/Users/macpro/.phpbrew/php/php-7.1.24/include/php/ext -I/Users/macpro/.phpbrew/php/php-7.1.24/include/php/ext/date/lib -I/usr/local/Cellar/jpeg/9c//include -I/usr/local/include -I/usr/local/opt/freetype/include/freetype2  -DHAVE_CONFIG_H  -g -O2   -c /Users/macpro/.phpbrew/build/php-7.1.24/ext/gd/libgd/gdtables.c -o libgd/gdtables.lo 
 cc -I/Users/macpro/.phpbrew/build/php-7.1.24/ext/gd/libgd -DHAVE_LIBPNG -DHAVE_LIBJPEG -DHAVE_LIBFREETYPE -DENABLE_GD_TTF -I. -I/Users/macpro/.phpbrew/build/php-7.1.24/ext/gd -DPHP_ATOM_INC -I/Users/macpro/.phpbrew/build/php-7.1.24/ext/gd/include -I/Users/macpro/.phpbrew/build/php-7.1.24/ext/gd/main -I/Users/macpro/.phpbrew/build/php-7.1.24/ext/gd -I/Users/macpro/.phpbrew/php/php-7.1.24/include/php -I/Users/macpro/.phpbrew/php/php-7.1.24/include/php/main -I/Users/macpro/.phpbrew/php/php-7.1.24/include/php/TSRM -I/Users/macpro/.phpbrew/php/php-7.1.24/include/php/Zend -I/Users/macpro/.phpbrew/php/php-7.1.24/include/php/ext -I/Users/macpro/.phpbrew/php/php-7.1.24/include/php/ext/date/lib -I/usr/local/Cellar/jpeg/9c//include -I/usr/local/include -I/usr/local/opt/freetype/include/freetype2 -DHAVE_CONFIG_H -g -O2 -c /Users/macpro/.phpbrew/build/php-7.1.24/ext/gd/libgd/gdtables.c  -fno-common -DPIC -o libgd/.libs/gdtables.o
/bin/sh /Users/macpro/.phpbrew/build/php-7.1.24/ext/gd/libtool --mode=compile cc -I/Users/macpro/.phpbrew/build/php-7.1.24/ext/gd/libgd -DHAVE_LIBPNG -DHAVE_LIBJPEG -DHAVE_LIBFREETYPE -DENABLE_GD_TTF -I. -I/Users/macpro/.phpbrew/build/php-7.1.24/ext/gd -DPHP_ATOM_INC -I/Users/macpro/.phpbrew/build/php-7.1.24/ext/gd/include -I/Users/macpro/.phpbrew/build/php-7.1.24/ext/gd/main -I/Users/macpro/.phpbrew/build/php-7.1.24/ext/gd -I/Users/macpro/.phpbrew/php/php-7.1.24/include/php -I/Users/macpro/.phpbrew/php/php-7.1.24/include/php/main -I/Users/macpro/.phpbrew/php/php-7.1.24/include/php/TSRM -I/Users/macpro/.phpbrew/php/php-7.1.24/include/php/Zend -I/Users/macpro/.phpbrew/php/php-7.1.24/include/php/ext -I/Users/macpro/.phpbrew/php/php-7.1.24/include/php/ext/date/lib -I/usr/local/Cellar/jpeg/9c//include -I/usr/local/include -I/usr/local/opt/freetype/include/freetype2  -DHAVE_CONFIG_H  -g -O2   -c /Users/macpro/.phpbrew/build/php-7.1.24/ext/gd/libgd/gdft.c -o libgd/gdft.lo 
 cc -I/Users/macpro/.phpbrew/build/php-7.1.24/ext/gd/libgd -DHAVE_LIBPNG -DHAVE_LIBJPEG -DHAVE_LIBFREETYPE -DENABLE_GD_TTF -I. -I/Users/macpro/.phpbrew/build/php-7.1.24/ext/gd -DPHP_ATOM_INC -I/Users/macpro/.phpbrew/build/php-7.1.24/ext/gd/include -I/Users/macpro/.phpbrew/build/php-7.1.24/ext/gd/main -I/Users/macpro/.phpbrew/build/php-7.1.24/ext/gd -I/Users/macpro/.phpbrew/php/php-7.1.24/include/php -I/Users/macpro/.phpbrew/php/php-7.1.24/include/php/main -I/Users/macpro/.phpbrew/php/php-7.1.24/include/php/TSRM -I/Users/macpro/.phpbrew/php/php-7.1.24/include/php/Zend -I/Users/macpro/.phpbrew/php/php-7.1.24/include/php/ext -I/Users/macpro/.phpbrew/php/php-7.1.24/include/php/ext/date/lib -I/usr/local/Cellar/jpeg/9c//include -I/usr/local/include -I/usr/local/opt/freetype/include/freetype2 -DHAVE_CONFIG_H -g -O2 -c /Users/macpro/.phpbrew/build/php-7.1.24/ext/gd/libgd/gdft.c  -fno-common -DPIC -o libgd/.libs/gdft.o
/bin/sh /Users/macpro/.phpbrew/build/php-7.1.24/ext/gd/libtool --mode=compile cc -I/Users/macpro/.phpbrew/build/php-7.1.24/ext/gd/libgd -DHAVE_LIBPNG -DHAVE_LIBJPEG -DHAVE_LIBFREETYPE -DENABLE_GD_TTF -I. -I/Users/macpro/.phpbrew/build/php-7.1.24/ext/gd -DPHP_ATOM_INC -I/Users/macpro/.phpbrew/build/php-7.1.24/ext/gd/include -I/Users/macpro/.phpbrew/build/php-7.1.24/ext/gd/main -I/Users/macpro/.phpbrew/build/php-7.1.24/ext/gd -I/Users/macpro/.phpbrew/php/php-7.1.24/include/php -I/Users/macpro/.phpbrew/php/php-7.1.24/include/php/main -I/Users/macpro/.phpbrew/php/php-7.1.24/include/php/TSRM -I/Users/macpro/.phpbrew/php/php-7.1.24/include/php/Zend -I/Users/macpro/.phpbrew/php/php-7.1.24/include/php/ext -I/Users/macpro/.phpbrew/php/php-7.1.24/include/php/ext/date/lib -I/usr/local/Cellar/jpeg/9c//include -I/usr/local/include -I/usr/local/opt/freetype/include/freetype2  -DHAVE_CONFIG_H  -g -O2   -c /Users/macpro/.phpbrew/build/php-7.1.24/ext/gd/libgd/gdcache.c -o libgd/gdcache.lo 
 cc -I/Users/macpro/.phpbrew/build/php-7.1.24/ext/gd/libgd -DHAVE_LIBPNG -DHAVE_LIBJPEG -DHAVE_LIBFREETYPE -DENABLE_GD_TTF -I. -I/Users/macpro/.phpbrew/build/php-7.1.24/ext/gd -DPHP_ATOM_INC -I/Users/macpro/.phpbrew/build/php-7.1.24/ext/gd/include -I/Users/macpro/.phpbrew/build/php-7.1.24/ext/gd/main -I/Users/macpro/.phpbrew/build/php-7.1.24/ext/gd -I/Users/macpro/.phpbrew/php/php-7.1.24/include/php -I/Users/macpro/.phpbrew/php/php-7.1.24/include/php/main -I/Users/macpro/.phpbrew/php/php-7.1.24/include/php/TSRM -I/Users/macpro/.phpbrew/php/php-7.1.24/include/php/Zend -I/Users/macpro/.phpbrew/php/php-7.1.24/include/php/ext -I/Users/macpro/.phpbrew/php/php-7.1.24/include/php/ext/date/lib -I/usr/local/Cellar/jpeg/9c//include -I/usr/local/include -I/usr/local/opt/freetype/include/freetype2 -DHAVE_CONFIG_H -g -O2 -c /Users/macpro/.phpbrew/build/php-7.1.24/ext/gd/libgd/gdcache.c  -fno-common -DPIC -o libgd/.libs/gdcache.o
/bin/sh /Users/macpro/.phpbrew/build/php-7.1.24/ext/gd/libtool --mode=compile cc -I/Users/macpro/.phpbrew/build/php-7.1.24/ext/gd/libgd -DHAVE_LIBPNG -DHAVE_LIBJPEG -DHAVE_LIBFREETYPE -DENABLE_GD_TTF -I. -I/Users/macpro/.phpbrew/build/php-7.1.24/ext/gd -DPHP_ATOM_INC -I/Users/macpro/.phpbrew/build/php-7.1.24/ext/gd/include -I/Users/macpro/.phpbrew/build/php-7.1.24/ext/gd/main -I/Users/macpro/.phpbrew/build/php-7.1.24/ext/gd -I/Users/macpro/.phpbrew/php/php-7.1.24/include/php -I/Users/macpro/.phpbrew/php/php-7.1.24/include/php/main -I/Users/macpro/.phpbrew/php/php-7.1.24/include/php/TSRM -I/Users/macpro/.phpbrew/php/php-7.1.24/include/php/Zend -I/Users/macpro/.phpbrew/php/php-7.1.24/include/php/ext -I/Users/macpro/.phpbrew/php/php-7.1.24/include/php/ext/date/lib -I/usr/local/Cellar/jpeg/9c//include -I/usr/local/include -I/usr/local/opt/freetype/include/freetype2  -DHAVE_CONFIG_H  -g -O2   -c /Users/macpro/.phpbrew/build/php-7.1.24/ext/gd/libgd/gdkanji.c -o libgd/gdkanji.lo 
 cc -I/Users/macpro/.phpbrew/build/php-7.1.24/ext/gd/libgd -DHAVE_LIBPNG -DHAVE_LIBJPEG -DHAVE_LIBFREETYPE -DENABLE_GD_TTF -I. -I/Users/macpro/.phpbrew/build/php-7.1.24/ext/gd -DPHP_ATOM_INC -I/Users/macpro/.phpbrew/build/php-7.1.24/ext/gd/include -I/Users/macpro/.phpbrew/build/php-7.1.24/ext/gd/main -I/Users/macpro/.phpbrew/build/php-7.1.24/ext/gd -I/Users/macpro/.phpbrew/php/php-7.1.24/include/php -I/Users/macpro/.phpbrew/php/php-7.1.24/include/php/main -I/Users/macpro/.phpbrew/php/php-7.1.24/include/php/TSRM -I/Users/macpro/.phpbrew/php/php-7.1.24/include/php/Zend -I/Users/macpro/.phpbrew/php/php-7.1.24/include/php/ext -I/Users/macpro/.phpbrew/php/php-7.1.24/include/php/ext/date/lib -I/usr/local/Cellar/jpeg/9c//include -I/usr/local/include -I/usr/local/opt/freetype/include/freetype2 -DHAVE_CONFIG_H -g -O2 -c /Users/macpro/.phpbrew/build/php-7.1.24/ext/gd/libgd/gdkanji.c  -fno-common -DPIC -o libgd/.libs/gdkanji.o
/bin/sh /Users/macpro/.phpbrew/build/php-7.1.24/ext/gd/libtool --mode=compile cc -I/Users/macpro/.phpbrew/build/php-7.1.24/ext/gd/libgd -DHAVE_LIBPNG -DHAVE_LIBJPEG -DHAVE_LIBFREETYPE -DENABLE_GD_TTF -I. -I/Users/macpro/.phpbrew/build/php-7.1.24/ext/gd -DPHP_ATOM_INC -I/Users/macpro/.phpbrew/build/php-7.1.24/ext/gd/include -I/Users/macpro/.phpbrew/build/php-7.1.24/ext/gd/main -I/Users/macpro/.phpbrew/build/php-7.1.24/ext/gd -I/Users/macpro/.phpbrew/php/php-7.1.24/include/php -I/Users/macpro/.phpbrew/php/php-7.1.24/include/php/main -I/Users/macpro/.phpbrew/php/php-7.1.24/include/php/TSRM -I/Users/macpro/.phpbrew/php/php-7.1.24/include/php/Zend -I/Users/macpro/.phpbrew/php/php-7.1.24/include/php/ext -I/Users/macpro/.phpbrew/php/php-7.1.24/include/php/ext/date/lib -I/usr/local/Cellar/jpeg/9c//include -I/usr/local/include -I/usr/local/opt/freetype/include/freetype2  -DHAVE_CONFIG_H  -g -O2   -c /Users/macpro/.phpbrew/build/php-7.1.24/ext/gd/libgd/wbmp.c -o libgd/wbmp.lo 
 cc -I/Users/macpro/.phpbrew/build/php-7.1.24/ext/gd/libgd -DHAVE_LIBPNG -DHAVE_LIBJPEG -DHAVE_LIBFREETYPE -DENABLE_GD_TTF -I. -I/Users/macpro/.phpbrew/build/php-7.1.24/ext/gd -DPHP_ATOM_INC -I/Users/macpro/.phpbrew/build/php-7.1.24/ext/gd/include -I/Users/macpro/.phpbrew/build/php-7.1.24/ext/gd/main -I/Users/macpro/.phpbrew/build/php-7.1.24/ext/gd -I/Users/macpro/.phpbrew/php/php-7.1.24/include/php -I/Users/macpro/.phpbrew/php/php-7.1.24/include/php/main -I/Users/macpro/.phpbrew/php/php-7.1.24/include/php/TSRM -I/Users/macpro/.phpbrew/php/php-7.1.24/include/php/Zend -I/Users/macpro/.phpbrew/php/php-7.1.24/include/php/ext -I/Users/macpro/.phpbrew/php/php-7.1.24/include/php/ext/date/lib -I/usr/local/Cellar/jpeg/9c//include -I/usr/local/include -I/usr/local/opt/freetype/include/freetype2 -DHAVE_CONFIG_H -g -O2 -c /Users/macpro/.phpbrew/build/php-7.1.24/ext/gd/libgd/wbmp.c  -fno-common -DPIC -o libgd/.libs/wbmp.o
/bin/sh /Users/macpro/.phpbrew/build/php-7.1.24/ext/gd/libtool --mode=compile cc -I/Users/macpro/.phpbrew/build/php-7.1.24/ext/gd/libgd -DHAVE_LIBPNG -DHAVE_LIBJPEG -DHAVE_LIBFREETYPE -DENABLE_GD_TTF -I. -I/Users/macpro/.phpbrew/build/php-7.1.24/ext/gd -DPHP_ATOM_INC -I/Users/macpro/.phpbrew/build/php-7.1.24/ext/gd/include -I/Users/macpro/.phpbrew/build/php-7.1.24/ext/gd/main -I/Users/macpro/.phpbrew/build/php-7.1.24/ext/gd -I/Users/macpro/.phpbrew/php/php-7.1.24/include/php -I/Users/macpro/.phpbrew/php/php-7.1.24/include/php/main -I/Users/macpro/.phpbrew/php/php-7.1.24/include/php/TSRM -I/Users/macpro/.phpbrew/php/php-7.1.24/include/php/Zend -I/Users/macpro/.phpbrew/php/php-7.1.24/include/php/ext -I/Users/macpro/.phpbrew/php/php-7.1.24/include/php/ext/date/lib -I/usr/local/Cellar/jpeg/9c//include -I/usr/local/include -I/usr/local/opt/freetype/include/freetype2  -DHAVE_CONFIG_H  -g -O2   -c /Users/macpro/.phpbrew/build/php-7.1.24/ext/gd/libgd/gd_wbmp.c -o libgd/gd_wbmp.lo 
 cc -I/Users/macpro/.phpbrew/build/php-7.1.24/ext/gd/libgd -DHAVE_LIBPNG -DHAVE_LIBJPEG -DHAVE_LIBFREETYPE -DENABLE_GD_TTF -I. -I/Users/macpro/.phpbrew/build/php-7.1.24/ext/gd -DPHP_ATOM_INC -I/Users/macpro/.phpbrew/build/php-7.1.24/ext/gd/include -I/Users/macpro/.phpbrew/build/php-7.1.24/ext/gd/main -I/Users/macpro/.phpbrew/build/php-7.1.24/ext/gd -I/Users/macpro/.phpbrew/php/php-7.1.24/include/php -I/Users/macpro/.phpbrew/php/php-7.1.24/include/php/main -I/Users/macpro/.phpbrew/php/php-7.1.24/include/php/TSRM -I/Users/macpro/.phpbrew/php/php-7.1.24/include/php/Zend -I/Users/macpro/.phpbrew/php/php-7.1.24/include/php/ext -I/Users/macpro/.phpbrew/php/php-7.1.24/include/php/ext/date/lib -I/usr/local/Cellar/jpeg/9c//include -I/usr/local/include -I/usr/local/opt/freetype/include/freetype2 -DHAVE_CONFIG_H -g -O2 -c /Users/macpro/.phpbrew/build/php-7.1.24/ext/gd/libgd/gd_wbmp.c  -fno-common -DPIC -o libgd/.libs/gd_wbmp.o
/bin/sh /Users/macpro/.phpbrew/build/php-7.1.24/ext/gd/libtool --mode=compile cc -I/Users/macpro/.phpbrew/build/php-7.1.24/ext/gd/libgd -DHAVE_LIBPNG -DHAVE_LIBJPEG -DHAVE_LIBFREETYPE -DENABLE_GD_TTF -I. -I/Users/macpro/.phpbrew/build/php-7.1.24/ext/gd -DPHP_ATOM_INC -I/Users/macpro/.phpbrew/build/php-7.1.24/ext/gd/include -I/Users/macpro/.phpbrew/build/php-7.1.24/ext/gd/main -I/Users/macpro/.phpbrew/build/php-7.1.24/ext/gd -I/Users/macpro/.phpbrew/php/php-7.1.24/include/php -I/Users/macpro/.phpbrew/php/php-7.1.24/include/php/main -I/Users/macpro/.phpbrew/php/php-7.1.24/include/php/TSRM -I/Users/macpro/.phpbrew/php/php-7.1.24/include/php/Zend -I/Users/macpro/.phpbrew/php/php-7.1.24/include/php/ext -I/Users/macpro/.phpbrew/php/php-7.1.24/include/php/ext/date/lib -I/usr/local/Cellar/jpeg/9c//include -I/usr/local/include -I/usr/local/opt/freetype/include/freetype2  -DHAVE_CONFIG_H  -g -O2   -c /Users/macpro/.phpbrew/build/php-7.1.24/ext/gd/libgd/gdhelpers.c -o libgd/gdhelpers.lo 
 cc -I/Users/macpro/.phpbrew/build/php-7.1.24/ext/gd/libgd -DHAVE_LIBPNG -DHAVE_LIBJPEG -DHAVE_LIBFREETYPE -DENABLE_GD_TTF -I. -I/Users/macpro/.phpbrew/build/php-7.1.24/ext/gd -DPHP_ATOM_INC -I/Users/macpro/.phpbrew/build/php-7.1.24/ext/gd/include -I/Users/macpro/.phpbrew/build/php-7.1.24/ext/gd/main -I/Users/macpro/.phpbrew/build/php-7.1.24/ext/gd -I/Users/macpro/.phpbrew/php/php-7.1.24/include/php -I/Users/macpro/.phpbrew/php/php-7.1.24/include/php/main -I/Users/macpro/.phpbrew/php/php-7.1.24/include/php/TSRM -I/Users/macpro/.phpbrew/php/php-7.1.24/include/php/Zend -I/Users/macpro/.phpbrew/php/php-7.1.24/include/php/ext -I/Users/macpro/.phpbrew/php/php-7.1.24/include/php/ext/date/lib -I/usr/local/Cellar/jpeg/9c//include -I/usr/local/include -I/usr/local/opt/freetype/include/freetype2 -DHAVE_CONFIG_H -g -O2 -c /Users/macpro/.phpbrew/build/php-7.1.24/ext/gd/libgd/gdhelpers.c  -fno-common -DPIC -o libgd/.libs/gdhelpers.o
/bin/sh /Users/macpro/.phpbrew/build/php-7.1.24/ext/gd/libtool --mode=compile cc -I/Users/macpro/.phpbrew/build/php-7.1.24/ext/gd/libgd -DHAVE_LIBPNG -DHAVE_LIBJPEG -DHAVE_LIBFREETYPE -DENABLE_GD_TTF -I. -I/Users/macpro/.phpbrew/build/php-7.1.24/ext/gd -DPHP_ATOM_INC -I/Users/macpro/.phpbrew/build/php-7.1.24/ext/gd/include -I/Users/macpro/.phpbrew/build/php-7.1.24/ext/gd/main -I/Users/macpro/.phpbrew/build/php-7.1.24/ext/gd -I/Users/macpro/.phpbrew/php/php-7.1.24/include/php -I/Users/macpro/.phpbrew/php/php-7.1.24/include/php/main -I/Users/macpro/.phpbrew/php/php-7.1.24/include/php/TSRM -I/Users/macpro/.phpbrew/php/php-7.1.24/include/php/Zend -I/Users/macpro/.phpbrew/php/php-7.1.24/include/php/ext -I/Users/macpro/.phpbrew/php/php-7.1.24/include/php/ext/date/lib -I/usr/local/Cellar/jpeg/9c//include -I/usr/local/include -I/usr/local/opt/freetype/include/freetype2  -DHAVE_CONFIG_H  -g -O2   -c /Users/macpro/.phpbrew/build/php-7.1.24/ext/gd/libgd/gd_topal.c -o libgd/gd_topal.lo 
 cc -I/Users/macpro/.phpbrew/build/php-7.1.24/ext/gd/libgd -DHAVE_LIBPNG -DHAVE_LIBJPEG -DHAVE_LIBFREETYPE -DENABLE_GD_TTF -I. -I/Users/macpro/.phpbrew/build/php-7.1.24/ext/gd -DPHP_ATOM_INC -I/Users/macpro/.phpbrew/build/php-7.1.24/ext/gd/include -I/Users/macpro/.phpbrew/build/php-7.1.24/ext/gd/main -I/Users/macpro/.phpbrew/build/php-7.1.24/ext/gd -I/Users/macpro/.phpbrew/php/php-7.1.24/include/php -I/Users/macpro/.phpbrew/php/php-7.1.24/include/php/main -I/Users/macpro/.phpbrew/php/php-7.1.24/include/php/TSRM -I/Users/macpro/.phpbrew/php/php-7.1.24/include/php/Zend -I/Users/macpro/.phpbrew/php/php-7.1.24/include/php/ext -I/Users/macpro/.phpbrew/php/php-7.1.24/include/php/ext/date/lib -I/usr/local/Cellar/jpeg/9c//include -I/usr/local/include -I/usr/local/opt/freetype/include/freetype2 -DHAVE_CONFIG_H -g -O2 -c /Users/macpro/.phpbrew/build/php-7.1.24/ext/gd/libgd/gd_topal.c  -fno-common -DPIC -o libgd/.libs/gd_topal.o
/bin/sh /Users/macpro/.phpbrew/build/php-7.1.24/ext/gd/libtool --mode=compile cc -I/Users/macpro/.phpbrew/build/php-7.1.24/ext/gd/libgd -DHAVE_LIBPNG -DHAVE_LIBJPEG -DHAVE_LIBFREETYPE -DENABLE_GD_TTF -I. -I/Users/macpro/.phpbrew/build/php-7.1.24/ext/gd -DPHP_ATOM_INC -I/Users/macpro/.phpbrew/build/php-7.1.24/ext/gd/include -I/Users/macpro/.phpbrew/build/php-7.1.24/ext/gd/main -I/Users/macpro/.phpbrew/build/php-7.1.24/ext/gd -I/Users/macpro/.phpbrew/php/php-7.1.24/include/php -I/Users/macpro/.phpbrew/php/php-7.1.24/include/php/main -I/Users/macpro/.phpbrew/php/php-7.1.24/include/php/TSRM -I/Users/macpro/.phpbrew/php/php-7.1.24/include/php/Zend -I/Users/macpro/.phpbrew/php/php-7.1.24/include/php/ext -I/Users/macpro/.phpbrew/php/php-7.1.24/include/php/ext/date/lib -I/usr/local/Cellar/jpeg/9c//include -I/usr/local/include -I/usr/local/opt/freetype/include/freetype2  -DHAVE_CONFIG_H  -g -O2   -c /Users/macpro/.phpbrew/build/php-7.1.24/ext/gd/libgd/gd_gif_in.c -o libgd/gd_gif_in.lo 
 cc -I/Users/macpro/.phpbrew/build/php-7.1.24/ext/gd/libgd -DHAVE_LIBPNG -DHAVE_LIBJPEG -DHAVE_LIBFREETYPE -DENABLE_GD_TTF -I. -I/Users/macpro/.phpbrew/build/php-7.1.24/ext/gd -DPHP_ATOM_INC -I/Users/macpro/.phpbrew/build/php-7.1.24/ext/gd/include -I/Users/macpro/.phpbrew/build/php-7.1.24/ext/gd/main -I/Users/macpro/.phpbrew/build/php-7.1.24/ext/gd -I/Users/macpro/.phpbrew/php/php-7.1.24/include/php -I/Users/macpro/.phpbrew/php/php-7.1.24/include/php/main -I/Users/macpro/.phpbrew/php/php-7.1.24/include/php/TSRM -I/Users/macpro/.phpbrew/php/php-7.1.24/include/php/Zend -I/Users/macpro/.phpbrew/php/php-7.1.24/include/php/ext -I/Users/macpro/.phpbrew/php/php-7.1.24/include/php/ext/date/lib -I/usr/local/Cellar/jpeg/9c//include -I/usr/local/include -I/usr/local/opt/freetype/include/freetype2 -DHAVE_CONFIG_H -g -O2 -c /Users/macpro/.phpbrew/build/php-7.1.24/ext/gd/libgd/gd_gif_in.c  -fno-common -DPIC -o libgd/.libs/gd_gif_in.o
/bin/sh /Users/macpro/.phpbrew/build/php-7.1.24/ext/gd/libtool --mode=compile cc -I/Users/macpro/.phpbrew/build/php-7.1.24/ext/gd/libgd -DHAVE_LIBPNG -DHAVE_LIBJPEG -DHAVE_LIBFREETYPE -DENABLE_GD_TTF -I. -I/Users/macpro/.phpbrew/build/php-7.1.24/ext/gd -DPHP_ATOM_INC -I/Users/macpro/.phpbrew/build/php-7.1.24/ext/gd/include -I/Users/macpro/.phpbrew/build/php-7.1.24/ext/gd/main -I/Users/macpro/.phpbrew/build/php-7.1.24/ext/gd -I/Users/macpro/.phpbrew/php/php-7.1.24/include/php -I/Users/macpro/.phpbrew/php/php-7.1.24/include/php/main -I/Users/macpro/.phpbrew/php/php-7.1.24/include/php/TSRM -I/Users/macpro/.phpbrew/php/php-7.1.24/include/php/Zend -I/Users/macpro/.phpbrew/php/php-7.1.24/include/php/ext -I/Users/macpro/.phpbrew/php/php-7.1.24/include/php/ext/date/lib -I/usr/local/Cellar/jpeg/9c//include -I/usr/local/include -I/usr/local/opt/freetype/include/freetype2  -DHAVE_CONFIG_H  -g -O2   -c /Users/macpro/.phpbrew/build/php-7.1.24/ext/gd/libgd/xbm.c -o libgd/xbm.lo 
 cc -I/Users/macpro/.phpbrew/build/php-7.1.24/ext/gd/libgd -DHAVE_LIBPNG -DHAVE_LIBJPEG -DHAVE_LIBFREETYPE -DENABLE_GD_TTF -I. -I/Users/macpro/.phpbrew/build/php-7.1.24/ext/gd -DPHP_ATOM_INC -I/Users/macpro/.phpbrew/build/php-7.1.24/ext/gd/include -I/Users/macpro/.phpbrew/build/php-7.1.24/ext/gd/main -I/Users/macpro/.phpbrew/build/php-7.1.24/ext/gd -I/Users/macpro/.phpbrew/php/php-7.1.24/include/php -I/Users/macpro/.phpbrew/php/php-7.1.24/include/php/main -I/Users/macpro/.phpbrew/php/php-7.1.24/include/php/TSRM -I/Users/macpro/.phpbrew/php/php-7.1.24/include/php/Zend -I/Users/macpro/.phpbrew/php/php-7.1.24/include/php/ext -I/Users/macpro/.phpbrew/php/php-7.1.24/include/php/ext/date/lib -I/usr/local/Cellar/jpeg/9c//include -I/usr/local/include -I/usr/local/opt/freetype/include/freetype2 -DHAVE_CONFIG_H -g -O2 -c /Users/macpro/.phpbrew/build/php-7.1.24/ext/gd/libgd/xbm.c  -fno-common -DPIC -o libgd/.libs/xbm.o
/bin/sh /Users/macpro/.phpbrew/build/php-7.1.24/ext/gd/libtool --mode=compile cc -I/Users/macpro/.phpbrew/build/php-7.1.24/ext/gd/libgd -DHAVE_LIBPNG -DHAVE_LIBJPEG -DHAVE_LIBFREETYPE -DENABLE_GD_TTF -I. -I/Users/macpro/.phpbrew/build/php-7.1.24/ext/gd -DPHP_ATOM_INC -I/Users/macpro/.phpbrew/build/php-7.1.24/ext/gd/include -I/Users/macpro/.phpbrew/build/php-7.1.24/ext/gd/main -I/Users/macpro/.phpbrew/build/php-7.1.24/ext/gd -I/Users/macpro/.phpbrew/php/php-7.1.24/include/php -I/Users/macpro/.phpbrew/php/php-7.1.24/include/php/main -I/Users/macpro/.phpbrew/php/php-7.1.24/include/php/TSRM -I/Users/macpro/.phpbrew/php/php-7.1.24/include/php/Zend -I/Users/macpro/.phpbrew/php/php-7.1.24/include/php/ext -I/Users/macpro/.phpbrew/php/php-7.1.24/include/php/ext/date/lib -I/usr/local/Cellar/jpeg/9c//include -I/usr/local/include -I/usr/local/opt/freetype/include/freetype2  -DHAVE_CONFIG_H  -g -O2   -c /Users/macpro/.phpbrew/build/php-7.1.24/ext/gd/libgd/gd_gif_out.c -o libgd/gd_gif_out.lo 
 cc -I/Users/macpro/.phpbrew/build/php-7.1.24/ext/gd/libgd -DHAVE_LIBPNG -DHAVE_LIBJPEG -DHAVE_LIBFREETYPE -DENABLE_GD_TTF -I. -I/Users/macpro/.phpbrew/build/php-7.1.24/ext/gd -DPHP_ATOM_INC -I/Users/macpro/.phpbrew/build/php-7.1.24/ext/gd/include -I/Users/macpro/.phpbrew/build/php-7.1.24/ext/gd/main -I/Users/macpro/.phpbrew/build/php-7.1.24/ext/gd -I/Users/macpro/.phpbrew/php/php-7.1.24/include/php -I/Users/macpro/.phpbrew/php/php-7.1.24/include/php/main -I/Users/macpro/.phpbrew/php/php-7.1.24/include/php/TSRM -I/Users/macpro/.phpbrew/php/php-7.1.24/include/php/Zend -I/Users/macpro/.phpbrew/php/php-7.1.24/include/php/ext -I/Users/macpro/.phpbrew/php/php-7.1.24/include/php/ext/date/lib -I/usr/local/Cellar/jpeg/9c//include -I/usr/local/include -I/usr/local/opt/freetype/include/freetype2 -DHAVE_CONFIG_H -g -O2 -c /Users/macpro/.phpbrew/build/php-7.1.24/ext/gd/libgd/gd_gif_out.c  -fno-common -DPIC -o libgd/.libs/gd_gif_out.o
/bin/sh /Users/macpro/.phpbrew/build/php-7.1.24/ext/gd/libtool --mode=compile cc -I/Users/macpro/.phpbrew/build/php-7.1.24/ext/gd/libgd -DHAVE_LIBPNG -DHAVE_LIBJPEG -DHAVE_LIBFREETYPE -DENABLE_GD_TTF -I. -I/Users/macpro/.phpbrew/build/php-7.1.24/ext/gd -DPHP_ATOM_INC -I/Users/macpro/.phpbrew/build/php-7.1.24/ext/gd/include -I/Users/macpro/.phpbrew/build/php-7.1.24/ext/gd/main -I/Users/macpro/.phpbrew/build/php-7.1.24/ext/gd -I/Users/macpro/.phpbrew/php/php-7.1.24/include/php -I/Users/macpro/.phpbrew/php/php-7.1.24/include/php/main -I/Users/macpro/.phpbrew/php/php-7.1.24/include/php/TSRM -I/Users/macpro/.phpbrew/php/php-7.1.24/include/php/Zend -I/Users/macpro/.phpbrew/php/php-7.1.24/include/php/ext -I/Users/macpro/.phpbrew/php/php-7.1.24/include/php/ext/date/lib -I/usr/local/Cellar/jpeg/9c//include -I/usr/local/include -I/usr/local/opt/freetype/include/freetype2  -DHAVE_CONFIG_H  -g -O2   -c /Users/macpro/.phpbrew/build/php-7.1.24/ext/gd/libgd/gd_security.c -o libgd/gd_security.lo 
 cc -I/Users/macpro/.phpbrew/build/php-7.1.24/ext/gd/libgd -DHAVE_LIBPNG -DHAVE_LIBJPEG -DHAVE_LIBFREETYPE -DENABLE_GD_TTF -I. -I/Users/macpro/.phpbrew/build/php-7.1.24/ext/gd -DPHP_ATOM_INC -I/Users/macpro/.phpbrew/build/php-7.1.24/ext/gd/include -I/Users/macpro/.phpbrew/build/php-7.1.24/ext/gd/main -I/Users/macpro/.phpbrew/build/php-7.1.24/ext/gd -I/Users/macpro/.phpbrew/php/php-7.1.24/include/php -I/Users/macpro/.phpbrew/php/php-7.1.24/include/php/main -I/Users/macpro/.phpbrew/php/php-7.1.24/include/php/TSRM -I/Users/macpro/.phpbrew/php/php-7.1.24/include/php/Zend -I/Users/macpro/.phpbrew/php/php-7.1.24/include/php/ext -I/Users/macpro/.phpbrew/php/php-7.1.24/include/php/ext/date/lib -I/usr/local/Cellar/jpeg/9c//include -I/usr/local/include -I/usr/local/opt/freetype/include/freetype2 -DHAVE_CONFIG_H -g -O2 -c /Users/macpro/.phpbrew/build/php-7.1.24/ext/gd/libgd/gd_security.c  -fno-common -DPIC -o libgd/.libs/gd_security.o
/bin/sh /Users/macpro/.phpbrew/build/php-7.1.24/ext/gd/libtool --mode=compile cc -I/Users/macpro/.phpbrew/build/php-7.1.24/ext/gd/libgd -DHAVE_LIBPNG -DHAVE_LIBJPEG -DHAVE_LIBFREETYPE -DENABLE_GD_TTF -I. -I/Users/macpro/.phpbrew/build/php-7.1.24/ext/gd -DPHP_ATOM_INC -I/Users/macpro/.phpbrew/build/php-7.1.24/ext/gd/include -I/Users/macpro/.phpbrew/build/php-7.1.24/ext/gd/main -I/Users/macpro/.phpbrew/build/php-7.1.24/ext/gd -I/Users/macpro/.phpbrew/php/php-7.1.24/include/php -I/Users/macpro/.phpbrew/php/php-7.1.24/include/php/main -I/Users/macpro/.phpbrew/php/php-7.1.24/include/php/TSRM -I/Users/macpro/.phpbrew/php/php-7.1.24/include/php/Zend -I/Users/macpro/.phpbrew/php/php-7.1.24/include/php/ext -I/Users/macpro/.phpbrew/php/php-7.1.24/include/php/ext/date/lib -I/usr/local/Cellar/jpeg/9c//include -I/usr/local/include -I/usr/local/opt/freetype/include/freetype2  -DHAVE_CONFIG_H  -g -O2   -c /Users/macpro/.phpbrew/build/php-7.1.24/ext/gd/libgd/gd_filter.c -o libgd/gd_filter.lo 
 cc -I/Users/macpro/.phpbrew/build/php-7.1.24/ext/gd/libgd -DHAVE_LIBPNG -DHAVE_LIBJPEG -DHAVE_LIBFREETYPE -DENABLE_GD_TTF -I. -I/Users/macpro/.phpbrew/build/php-7.1.24/ext/gd -DPHP_ATOM_INC -I/Users/macpro/.phpbrew/build/php-7.1.24/ext/gd/include -I/Users/macpro/.phpbrew/build/php-7.1.24/ext/gd/main -I/Users/macpro/.phpbrew/build/php-7.1.24/ext/gd -I/Users/macpro/.phpbrew/php/php-7.1.24/include/php -I/Users/macpro/.phpbrew/php/php-7.1.24/include/php/main -I/Users/macpro/.phpbrew/php/php-7.1.24/include/php/TSRM -I/Users/macpro/.phpbrew/php/php-7.1.24/include/php/Zend -I/Users/macpro/.phpbrew/php/php-7.1.24/include/php/ext -I/Users/macpro/.phpbrew/php/php-7.1.24/include/php/ext/date/lib -I/usr/local/Cellar/jpeg/9c//include -I/usr/local/include -I/usr/local/opt/freetype/include/freetype2 -DHAVE_CONFIG_H -g -O2 -c /Users/macpro/.phpbrew/build/php-7.1.24/ext/gd/libgd/gd_filter.c  -fno-common -DPIC -o libgd/.libs/gd_filter.o
/bin/sh /Users/macpro/.phpbrew/build/php-7.1.24/ext/gd/libtool --mode=compile cc -I/Users/macpro/.phpbrew/build/php-7.1.24/ext/gd/libgd -DHAVE_LIBPNG -DHAVE_LIBJPEG -DHAVE_LIBFREETYPE -DENABLE_GD_TTF -I. -I/Users/macpro/.phpbrew/build/php-7.1.24/ext/gd -DPHP_ATOM_INC -I/Users/macpro/.phpbrew/build/php-7.1.24/ext/gd/include -I/Users/macpro/.phpbrew/build/php-7.1.24/ext/gd/main -I/Users/macpro/.phpbrew/build/php-7.1.24/ext/gd -I/Users/macpro/.phpbrew/php/php-7.1.24/include/php -I/Users/macpro/.phpbrew/php/php-7.1.24/include/php/main -I/Users/macpro/.phpbrew/php/php-7.1.24/include/php/TSRM -I/Users/macpro/.phpbrew/php/php-7.1.24/include/php/Zend -I/Users/macpro/.phpbrew/php/php-7.1.24/include/php/ext -I/Users/macpro/.phpbrew/php/php-7.1.24/include/php/ext/date/lib -I/usr/local/Cellar/jpeg/9c//include -I/usr/local/include -I/usr/local/opt/freetype/include/freetype2  -DHAVE_CONFIG_H  -g -O2   -c /Users/macpro/.phpbrew/build/php-7.1.24/ext/gd/libgd/gd_pixelate.c -o libgd/gd_pixelate.lo 
 cc -I/Users/macpro/.phpbrew/build/php-7.1.24/ext/gd/libgd -DHAVE_LIBPNG -DHAVE_LIBJPEG -DHAVE_LIBFREETYPE -DENABLE_GD_TTF -I. -I/Users/macpro/.phpbrew/build/php-7.1.24/ext/gd -DPHP_ATOM_INC -I/Users/macpro/.phpbrew/build/php-7.1.24/ext/gd/include -I/Users/macpro/.phpbrew/build/php-7.1.24/ext/gd/main -I/Users/macpro/.phpbrew/build/php-7.1.24/ext/gd -I/Users/macpro/.phpbrew/php/php-7.1.24/include/php -I/Users/macpro/.phpbrew/php/php-7.1.24/include/php/main -I/Users/macpro/.phpbrew/php/php-7.1.24/include/php/TSRM -I/Users/macpro/.phpbrew/php/php-7.1.24/include/php/Zend -I/Users/macpro/.phpbrew/php/php-7.1.24/include/php/ext -I/Users/macpro/.phpbrew/php/php-7.1.24/include/php/ext/date/lib -I/usr/local/Cellar/jpeg/9c//include -I/usr/local/include -I/usr/local/opt/freetype/include/freetype2 -DHAVE_CONFIG_H -g -O2 -c /Users/macpro/.phpbrew/build/php-7.1.24/ext/gd/libgd/gd_pixelate.c  -fno-common -DPIC -o libgd/.libs/gd_pixelate.o
/bin/sh /Users/macpro/.phpbrew/build/php-7.1.24/ext/gd/libtool --mode=compile cc -I/Users/macpro/.phpbrew/build/php-7.1.24/ext/gd/libgd -DHAVE_LIBPNG -DHAVE_LIBJPEG -DHAVE_LIBFREETYPE -DENABLE_GD_TTF -I. -I/Users/macpro/.phpbrew/build/php-7.1.24/ext/gd -DPHP_ATOM_INC -I/Users/macpro/.phpbrew/build/php-7.1.24/ext/gd/include -I/Users/macpro/.phpbrew/build/php-7.1.24/ext/gd/main -I/Users/macpro/.phpbrew/build/php-7.1.24/ext/gd -I/Users/macpro/.phpbrew/php/php-7.1.24/include/php -I/Users/macpro/.phpbrew/php/php-7.1.24/include/php/main -I/Users/macpro/.phpbrew/php/php-7.1.24/include/php/TSRM -I/Users/macpro/.phpbrew/php/php-7.1.24/include/php/Zend -I/Users/macpro/.phpbrew/php/php-7.1.24/include/php/ext -I/Users/macpro/.phpbrew/php/php-7.1.24/include/php/ext/date/lib -I/usr/local/Cellar/jpeg/9c//include -I/usr/local/include -I/usr/local/opt/freetype/include/freetype2  -DHAVE_CONFIG_H  -g -O2   -c /Users/macpro/.phpbrew/build/php-7.1.24/ext/gd/libgd/gd_arc.c -o libgd/gd_arc.lo 
 cc -I/Users/macpro/.phpbrew/build/php-7.1.24/ext/gd/libgd -DHAVE_LIBPNG -DHAVE_LIBJPEG -DHAVE_LIBFREETYPE -DENABLE_GD_TTF -I. -I/Users/macpro/.phpbrew/build/php-7.1.24/ext/gd -DPHP_ATOM_INC -I/Users/macpro/.phpbrew/build/php-7.1.24/ext/gd/include -I/Users/macpro/.phpbrew/build/php-7.1.24/ext/gd/main -I/Users/macpro/.phpbrew/build/php-7.1.24/ext/gd -I/Users/macpro/.phpbrew/php/php-7.1.24/include/php -I/Users/macpro/.phpbrew/php/php-7.1.24/include/php/main -I/Users/macpro/.phpbrew/php/php-7.1.24/include/php/TSRM -I/Users/macpro/.phpbrew/php/php-7.1.24/include/php/Zend -I/Users/macpro/.phpbrew/php/php-7.1.24/include/php/ext -I/Users/macpro/.phpbrew/php/php-7.1.24/include/php/ext/date/lib -I/usr/local/Cellar/jpeg/9c//include -I/usr/local/include -I/usr/local/opt/freetype/include/freetype2 -DHAVE_CONFIG_H -g -O2 -c /Users/macpro/.phpbrew/build/php-7.1.24/ext/gd/libgd/gd_arc.c  -fno-common -DPIC -o libgd/.libs/gd_arc.o
/bin/sh /Users/macpro/.phpbrew/build/php-7.1.24/ext/gd/libtool --mode=compile cc -I/Users/macpro/.phpbrew/build/php-7.1.24/ext/gd/libgd -DHAVE_LIBPNG -DHAVE_LIBJPEG -DHAVE_LIBFREETYPE -DENABLE_GD_TTF -I. -I/Users/macpro/.phpbrew/build/php-7.1.24/ext/gd -DPHP_ATOM_INC -I/Users/macpro/.phpbrew/build/php-7.1.24/ext/gd/include -I/Users/macpro/.phpbrew/build/php-7.1.24/ext/gd/main -I/Users/macpro/.phpbrew/build/php-7.1.24/ext/gd -I/Users/macpro/.phpbrew/php/php-7.1.24/include/php -I/Users/macpro/.phpbrew/php/php-7.1.24/include/php/main -I/Users/macpro/.phpbrew/php/php-7.1.24/include/php/TSRM -I/Users/macpro/.phpbrew/php/php-7.1.24/include/php/Zend -I/Users/macpro/.phpbrew/php/php-7.1.24/include/php/ext -I/Users/macpro/.phpbrew/php/php-7.1.24/include/php/ext/date/lib -I/usr/local/Cellar/jpeg/9c//include -I/usr/local/include -I/usr/local/opt/freetype/include/freetype2  -DHAVE_CONFIG_H  -g -O2   -c /Users/macpro/.phpbrew/build/php-7.1.24/ext/gd/libgd/gd_rotate.c -o libgd/gd_rotate.lo 
 cc -I/Users/macpro/.phpbrew/build/php-7.1.24/ext/gd/libgd -DHAVE_LIBPNG -DHAVE_LIBJPEG -DHAVE_LIBFREETYPE -DENABLE_GD_TTF -I. -I/Users/macpro/.phpbrew/build/php-7.1.24/ext/gd -DPHP_ATOM_INC -I/Users/macpro/.phpbrew/build/php-7.1.24/ext/gd/include -I/Users/macpro/.phpbrew/build/php-7.1.24/ext/gd/main -I/Users/macpro/.phpbrew/build/php-7.1.24/ext/gd -I/Users/macpro/.phpbrew/php/php-7.1.24/include/php -I/Users/macpro/.phpbrew/php/php-7.1.24/include/php/main -I/Users/macpro/.phpbrew/php/php-7.1.24/include/php/TSRM -I/Users/macpro/.phpbrew/php/php-7.1.24/include/php/Zend -I/Users/macpro/.phpbrew/php/php-7.1.24/include/php/ext -I/Users/macpro/.phpbrew/php/php-7.1.24/include/php/ext/date/lib -I/usr/local/Cellar/jpeg/9c//include -I/usr/local/include -I/usr/local/opt/freetype/include/freetype2 -DHAVE_CONFIG_H -g -O2 -c /Users/macpro/.phpbrew/build/php-7.1.24/ext/gd/libgd/gd_rotate.c  -fno-common -DPIC -o libgd/.libs/gd_rotate.o
/bin/sh /Users/macpro/.phpbrew/build/php-7.1.24/ext/gd/libtool --mode=compile cc -I/Users/macpro/.phpbrew/build/php-7.1.24/ext/gd/libgd -DHAVE_LIBPNG -DHAVE_LIBJPEG -DHAVE_LIBFREETYPE -DENABLE_GD_TTF -I. -I/Users/macpro/.phpbrew/build/php-7.1.24/ext/gd -DPHP_ATOM_INC -I/Users/macpro/.phpbrew/build/php-7.1.24/ext/gd/include -I/Users/macpro/.phpbrew/build/php-7.1.24/ext/gd/main -I/Users/macpro/.phpbrew/build/php-7.1.24/ext/gd -I/Users/macpro/.phpbrew/php/php-7.1.24/include/php -I/Users/macpro/.phpbrew/php/php-7.1.24/include/php/main -I/Users/macpro/.phpbrew/php/php-7.1.24/include/php/TSRM -I/Users/macpro/.phpbrew/php/php-7.1.24/include/php/Zend -I/Users/macpro/.phpbrew/php/php-7.1.24/include/php/ext -I/Users/macpro/.phpbrew/php/php-7.1.24/include/php/ext/date/lib -I/usr/local/Cellar/jpeg/9c//include -I/usr/local/include -I/usr/local/opt/freetype/include/freetype2  -DHAVE_CONFIG_H  -g -O2   -c /Users/macpro/.phpbrew/build/php-7.1.24/ext/gd/libgd/gd_color.c -o libgd/gd_color.lo 
 cc -I/Users/macpro/.phpbrew/build/php-7.1.24/ext/gd/libgd -DHAVE_LIBPNG -DHAVE_LIBJPEG -DHAVE_LIBFREETYPE -DENABLE_GD_TTF -I. -I/Users/macpro/.phpbrew/build/php-7.1.24/ext/gd -DPHP_ATOM_INC -I/Users/macpro/.phpbrew/build/php-7.1.24/ext/gd/include -I/Users/macpro/.phpbrew/build/php-7.1.24/ext/gd/main -I/Users/macpro/.phpbrew/build/php-7.1.24/ext/gd -I/Users/macpro/.phpbrew/php/php-7.1.24/include/php -I/Users/macpro/.phpbrew/php/php-7.1.24/include/php/main -I/Users/macpro/.phpbrew/php/php-7.1.24/include/php/TSRM -I/Users/macpro/.phpbrew/php/php-7.1.24/include/php/Zend -I/Users/macpro/.phpbrew/php/php-7.1.24/include/php/ext -I/Users/macpro/.phpbrew/php/php-7.1.24/include/php/ext/date/lib -I/usr/local/Cellar/jpeg/9c//include -I/usr/local/include -I/usr/local/opt/freetype/include/freetype2 -DHAVE_CONFIG_H -g -O2 -c /Users/macpro/.phpbrew/build/php-7.1.24/ext/gd/libgd/gd_color.c  -fno-common -DPIC -o libgd/.libs/gd_color.o
/bin/sh /Users/macpro/.phpbrew/build/php-7.1.24/ext/gd/libtool --mode=compile cc -I/Users/macpro/.phpbrew/build/php-7.1.24/ext/gd/libgd -DHAVE_LIBPNG -DHAVE_LIBJPEG -DHAVE_LIBFREETYPE -DENABLE_GD_TTF -I. -I/Users/macpro/.phpbrew/build/php-7.1.24/ext/gd -DPHP_ATOM_INC -I/Users/macpro/.phpbrew/build/php-7.1.24/ext/gd/include -I/Users/macpro/.phpbrew/build/php-7.1.24/ext/gd/main -I/Users/macpro/.phpbrew/build/php-7.1.24/ext/gd -I/Users/macpro/.phpbrew/php/php-7.1.24/include/php -I/Users/macpro/.phpbrew/php/php-7.1.24/include/php/main -I/Users/macpro/.phpbrew/php/php-7.1.24/include/php/TSRM -I/Users/macpro/.phpbrew/php/php-7.1.24/include/php/Zend -I/Users/macpro/.phpbrew/php/php-7.1.24/include/php/ext -I/Users/macpro/.phpbrew/php/php-7.1.24/include/php/ext/date/lib -I/usr/local/Cellar/jpeg/9c//include -I/usr/local/include -I/usr/local/opt/freetype/include/freetype2  -DHAVE_CONFIG_H  -g -O2   -c /Users/macpro/.phpbrew/build/php-7.1.24/ext/gd/libgd/gd_transform.c -o libgd/gd_transform.lo 
 cc -I/Users/macpro/.phpbrew/build/php-7.1.24/ext/gd/libgd -DHAVE_LIBPNG -DHAVE_LIBJPEG -DHAVE_LIBFREETYPE -DENABLE_GD_TTF -I. -I/Users/macpro/.phpbrew/build/php-7.1.24/ext/gd -DPHP_ATOM_INC -I/Users/macpro/.phpbrew/build/php-7.1.24/ext/gd/include -I/Users/macpro/.phpbrew/build/php-7.1.24/ext/gd/main -I/Users/macpro/.phpbrew/build/php-7.1.24/ext/gd -I/Users/macpro/.phpbrew/php/php-7.1.24/include/php -I/Users/macpro/.phpbrew/php/php-7.1.24/include/php/main -I/Users/macpro/.phpbrew/php/php-7.1.24/include/php/TSRM -I/Users/macpro/.phpbrew/php/php-7.1.24/include/php/Zend -I/Users/macpro/.phpbrew/php/php-7.1.24/include/php/ext -I/Users/macpro/.phpbrew/php/php-7.1.24/include/php/ext/date/lib -I/usr/local/Cellar/jpeg/9c//include -I/usr/local/include -I/usr/local/opt/freetype/include/freetype2 -DHAVE_CONFIG_H -g -O2 -c /Users/macpro/.phpbrew/build/php-7.1.24/ext/gd/libgd/gd_transform.c  -fno-common -DPIC -o libgd/.libs/gd_transform.o
/bin/sh /Users/macpro/.phpbrew/build/php-7.1.24/ext/gd/libtool --mode=compile cc -I/Users/macpro/.phpbrew/build/php-7.1.24/ext/gd/libgd -DHAVE_LIBPNG -DHAVE_LIBJPEG -DHAVE_LIBFREETYPE -DENABLE_GD_TTF -I. -I/Users/macpro/.phpbrew/build/php-7.1.24/ext/gd -DPHP_ATOM_INC -I/Users/macpro/.phpbrew/build/php-7.1.24/ext/gd/include -I/Users/macpro/.phpbrew/build/php-7.1.24/ext/gd/main -I/Users/macpro/.phpbrew/build/php-7.1.24/ext/gd -I/Users/macpro/.phpbrew/php/php-7.1.24/include/php -I/Users/macpro/.phpbrew/php/php-7.1.24/include/php/main -I/Users/macpro/.phpbrew/php/php-7.1.24/include/php/TSRM -I/Users/macpro/.phpbrew/php/php-7.1.24/include/php/Zend -I/Users/macpro/.phpbrew/php/php-7.1.24/include/php/ext -I/Users/macpro/.phpbrew/php/php-7.1.24/include/php/ext/date/lib -I/usr/local/Cellar/jpeg/9c//include -I/usr/local/include -I/usr/local/opt/freetype/include/freetype2  -DHAVE_CONFIG_H  -g -O2   -c /Users/macpro/.phpbrew/build/php-7.1.24/ext/gd/libgd/gd_crop.c -o libgd/gd_crop.lo 
 cc -I/Users/macpro/.phpbrew/build/php-7.1.24/ext/gd/libgd -DHAVE_LIBPNG -DHAVE_LIBJPEG -DHAVE_LIBFREETYPE -DENABLE_GD_TTF -I. -I/Users/macpro/.phpbrew/build/php-7.1.24/ext/gd -DPHP_ATOM_INC -I/Users/macpro/.phpbrew/build/php-7.1.24/ext/gd/include -I/Users/macpro/.phpbrew/build/php-7.1.24/ext/gd/main -I/Users/macpro/.phpbrew/build/php-7.1.24/ext/gd -I/Users/macpro/.phpbrew/php/php-7.1.24/include/php -I/Users/macpro/.phpbrew/php/php-7.1.24/include/php/main -I/Users/macpro/.phpbrew/php/php-7.1.24/include/php/TSRM -I/Users/macpro/.phpbrew/php/php-7.1.24/include/php/Zend -I/Users/macpro/.phpbrew/php/php-7.1.24/include/php/ext -I/Users/macpro/.phpbrew/php/php-7.1.24/include/php/ext/date/lib -I/usr/local/Cellar/jpeg/9c//include -I/usr/local/include -I/usr/local/opt/freetype/include/freetype2 -DHAVE_CONFIG_H -g -O2 -c /Users/macpro/.phpbrew/build/php-7.1.24/ext/gd/libgd/gd_crop.c  -fno-common -DPIC -o libgd/.libs/gd_crop.o
/bin/sh /Users/macpro/.phpbrew/build/php-7.1.24/ext/gd/libtool --mode=compile cc -I/Users/macpro/.phpbrew/build/php-7.1.24/ext/gd/libgd -DHAVE_LIBPNG -DHAVE_LIBJPEG -DHAVE_LIBFREETYPE -DENABLE_GD_TTF -I. -I/Users/macpro/.phpbrew/build/php-7.1.24/ext/gd -DPHP_ATOM_INC -I/Users/macpro/.phpbrew/build/php-7.1.24/ext/gd/include -I/Users/macpro/.phpbrew/build/php-7.1.24/ext/gd/main -I/Users/macpro/.phpbrew/build/php-7.1.24/ext/gd -I/Users/macpro/.phpbrew/php/php-7.1.24/include/php -I/Users/macpro/.phpbrew/php/php-7.1.24/include/php/main -I/Users/macpro/.phpbrew/php/php-7.1.24/include/php/TSRM -I/Users/macpro/.phpbrew/php/php-7.1.24/include/php/Zend -I/Users/macpro/.phpbrew/php/php-7.1.24/include/php/ext -I/Users/macpro/.phpbrew/php/php-7.1.24/include/php/ext/date/lib -I/usr/local/Cellar/jpeg/9c//include -I/usr/local/include -I/usr/local/opt/freetype/include/freetype2  -DHAVE_CONFIG_H  -g -O2   -c /Users/macpro/.phpbrew/build/php-7.1.24/ext/gd/libgd/gd_interpolation.c -o libgd/gd_interpolation.lo 
 cc -I/Users/macpro/.phpbrew/build/php-7.1.24/ext/gd/libgd -DHAVE_LIBPNG -DHAVE_LIBJPEG -DHAVE_LIBFREETYPE -DENABLE_GD_TTF -I. -I/Users/macpro/.phpbrew/build/php-7.1.24/ext/gd -DPHP_ATOM_INC -I/Users/macpro/.phpbrew/build/php-7.1.24/ext/gd/include -I/Users/macpro/.phpbrew/build/php-7.1.24/ext/gd/main -I/Users/macpro/.phpbrew/build/php-7.1.24/ext/gd -I/Users/macpro/.phpbrew/php/php-7.1.24/include/php -I/Users/macpro/.phpbrew/php/php-7.1.24/include/php/main -I/Users/macpro/.phpbrew/php/php-7.1.24/include/php/TSRM -I/Users/macpro/.phpbrew/php/php-7.1.24/include/php/Zend -I/Users/macpro/.phpbrew/php/php-7.1.24/include/php/ext -I/Users/macpro/.phpbrew/php/php-7.1.24/include/php/ext/date/lib -I/usr/local/Cellar/jpeg/9c//include -I/usr/local/include -I/usr/local/opt/freetype/include/freetype2 -DHAVE_CONFIG_H -g -O2 -c /Users/macpro/.phpbrew/build/php-7.1.24/ext/gd/libgd/gd_interpolation.c  -fno-common -DPIC -o libgd/.libs/gd_interpolation.o
/Users/macpro/.phpbrew/build/php-7.1.24/ext/gd/libgd/gd_interpolation.c:2476:30: warning: using floating point absolute value function 'fabs' when argument is of integer type [-Wabsolute-value]
        end_x = bbox.width  + (int) fabs(bbox.x);
                                    ^
/Users/macpro/.phpbrew/build/php-7.1.24/ext/gd/libgd/gd_interpolation.c:2476:30: note: use function 'abs' instead
        end_x = bbox.width  + (int) fabs(bbox.x);
                                    ^~~~
                                    abs
/Users/macpro/.phpbrew/build/php-7.1.24/ext/gd/libgd/gd_interpolation.c:2477:30: warning: using floating point absolute value function 'fabs' when argument is of integer type [-Wabsolute-value]
        end_y = bbox.height + (int) fabs(bbox.y);
                                    ^
/Users/macpro/.phpbrew/build/php-7.1.24/ext/gd/libgd/gd_interpolation.c:2477:30: note: use function 'abs' instead
        end_y = bbox.height + (int) fabs(bbox.y);
                                    ^~~~
                                    abs
2 warnings generated.
/bin/sh /Users/macpro/.phpbrew/build/php-7.1.24/ext/gd/libtool --mode=compile cc -I/Users/macpro/.phpbrew/build/php-7.1.24/ext/gd/libgd -DHAVE_LIBPNG -DHAVE_LIBJPEG -DHAVE_LIBFREETYPE -DENABLE_GD_TTF -I. -I/Users/macpro/.phpbrew/build/php-7.1.24/ext/gd -DPHP_ATOM_INC -I/Users/macpro/.phpbrew/build/php-7.1.24/ext/gd/include -I/Users/macpro/.phpbrew/build/php-7.1.24/ext/gd/main -I/Users/macpro/.phpbrew/build/php-7.1.24/ext/gd -I/Users/macpro/.phpbrew/php/php-7.1.24/include/php -I/Users/macpro/.phpbrew/php/php-7.1.24/include/php/main -I/Users/macpro/.phpbrew/php/php-7.1.24/include/php/TSRM -I/Users/macpro/.phpbrew/php/php-7.1.24/include/php/Zend -I/Users/macpro/.phpbrew/php/php-7.1.24/include/php/ext -I/Users/macpro/.phpbrew/php/php-7.1.24/include/php/ext/date/lib -I/usr/local/Cellar/jpeg/9c//include -I/usr/local/include -I/usr/local/opt/freetype/include/freetype2  -DHAVE_CONFIG_H  -g -O2   -c /Users/macpro/.phpbrew/build/php-7.1.24/ext/gd/libgd/gd_matrix.c -o libgd/gd_matrix.lo 
 cc -I/Users/macpro/.phpbrew/build/php-7.1.24/ext/gd/libgd -DHAVE_LIBPNG -DHAVE_LIBJPEG -DHAVE_LIBFREETYPE -DENABLE_GD_TTF -I. -I/Users/macpro/.phpbrew/build/php-7.1.24/ext/gd -DPHP_ATOM_INC -I/Users/macpro/.phpbrew/build/php-7.1.24/ext/gd/include -I/Users/macpro/.phpbrew/build/php-7.1.24/ext/gd/main -I/Users/macpro/.phpbrew/build/php-7.1.24/ext/gd -I/Users/macpro/.phpbrew/php/php-7.1.24/include/php -I/Users/macpro/.phpbrew/php/php-7.1.24/include/php/main -I/Users/macpro/.phpbrew/php/php-7.1.24/include/php/TSRM -I/Users/macpro/.phpbrew/php/php-7.1.24/include/php/Zend -I/Users/macpro/.phpbrew/php/php-7.1.24/include/php/ext -I/Users/macpro/.phpbrew/php/php-7.1.24/include/php/ext/date/lib -I/usr/local/Cellar/jpeg/9c//include -I/usr/local/include -I/usr/local/opt/freetype/include/freetype2 -DHAVE_CONFIG_H -g -O2 -c /Users/macpro/.phpbrew/build/php-7.1.24/ext/gd/libgd/gd_matrix.c  -fno-common -DPIC -o libgd/.libs/gd_matrix.o
/bin/sh /Users/macpro/.phpbrew/build/php-7.1.24/ext/gd/libtool --mode=link cc -DPHP_ATOM_INC -I/Users/macpro/.phpbrew/build/php-7.1.24/ext/gd/include -I/Users/macpro/.phpbrew/build/php-7.1.24/ext/gd/main -I/Users/macpro/.phpbrew/build/php-7.1.24/ext/gd -I/Users/macpro/.phpbrew/php/php-7.1.24/include/php -I/Users/macpro/.phpbrew/php/php-7.1.24/include/php/main -I/Users/macpro/.phpbrew/php/php-7.1.24/include/php/TSRM -I/Users/macpro/.phpbrew/php/php-7.1.24/include/php/Zend -I/Users/macpro/.phpbrew/php/php-7.1.24/include/php/ext -I/Users/macpro/.phpbrew/php/php-7.1.24/include/php/ext/date/lib -I/usr/local/Cellar/jpeg/9c//include -I/usr/local/include -I/usr/local/opt/freetype/include/freetype2  -DHAVE_CONFIG_H  -g -O2   -o gd.la -export-dynamic -avoid-version -prefer-pic -module -rpath /Users/macpro/.phpbrew/build/php-7.1.24/ext/gd/modules  gd.lo libgd/gd.lo libgd/gd_gd.lo libgd/gd_gd2.lo libgd/gd_io.lo libgd/gd_io_dp.lo libgd/gd_io_file.lo libgd/gd_ss.lo libgd/gd_io_ss.lo libgd/gd_webp.lo libgd/gd_png.lo libgd/gd_jpeg.lo libgd/gdxpm.lo libgd/gdfontt.lo libgd/gdfonts.lo libgd/gdfontmb.lo libgd/gdfontl.lo libgd/gdfontg.lo libgd/gdtables.lo libgd/gdft.lo libgd/gdcache.lo libgd/gdkanji.lo libgd/wbmp.lo libgd/gd_wbmp.lo libgd/gdhelpers.lo libgd/gd_topal.lo libgd/gd_gif_in.lo libgd/xbm.lo libgd/gd_gif_out.lo libgd/gd_security.lo libgd/gd_filter.lo libgd/gd_pixelate.lo libgd/gd_arc.lo libgd/gd_rotate.lo libgd/gd_color.lo libgd/gd_transform.lo libgd/gd_crop.lo libgd/gd_interpolation.lo libgd/gd_matrix.lo -Wl,-rpath,/usr/local/opt/freetype/lib -L/usr/local/opt/freetype/lib -Wl,-rpath,/usr/local/lib -L/usr/local/lib -lpng -Wl,-rpath,/usr/local/Cellar/zlib/1.2.11//lib -L/usr/local/Cellar/zlib/1.2.11//lib -lz -Wl,-rpath,/usr/local/Cellar/jpeg/9c//lib -L/usr/local/Cellar/jpeg/9c//lib -ljpeg -lfreetype
cc ${wl}-flat_namespace ${wl}-undefined ${wl}suppress -o .libs/gd.so -bundle  .libs/gd.o libgd/.libs/gd.o libgd/.libs/gd_gd.o libgd/.libs/gd_gd2.o libgd/.libs/gd_io.o libgd/.libs/gd_io_dp.o libgd/.libs/gd_io_file.o libgd/.libs/gd_ss.o libgd/.libs/gd_io_ss.o libgd/.libs/gd_webp.o libgd/.libs/gd_png.o libgd/.libs/gd_jpeg.o libgd/.libs/gdxpm.o libgd/.libs/gdfontt.o libgd/.libs/gdfonts.o libgd/.libs/gdfontmb.o libgd/.libs/gdfontl.o libgd/.libs/gdfontg.o libgd/.libs/gdtables.o libgd/.libs/gdft.o libgd/.libs/gdcache.o libgd/.libs/gdkanji.o libgd/.libs/wbmp.o libgd/.libs/gd_wbmp.o libgd/.libs/gdhelpers.o libgd/.libs/gd_topal.o libgd/.libs/gd_gif_in.o libgd/.libs/xbm.o libgd/.libs/gd_gif_out.o libgd/.libs/gd_security.o libgd/.libs/gd_filter.o libgd/.libs/gd_pixelate.o libgd/.libs/gd_arc.o libgd/.libs/gd_rotate.o libgd/.libs/gd_color.o libgd/.libs/gd_transform.o libgd/.libs/gd_crop.o libgd/.libs/gd_interpolation.o libgd/.libs/gd_matrix.o  -L/usr/local/opt/freetype/lib -L/usr/local/lib -lpng -L/usr/local/Cellar/zlib/1.2.11//lib -lz -L/usr/local/Cellar/jpeg/9c//lib -ljpeg -lfreetype  -Wl,-rpath -Wl,/usr/local/opt/freetype/lib -Wl,-rpath -Wl,/usr/local/lib -Wl,-rpath -Wl,/usr/local/Cellar/zlib/1.2.11//lib -Wl,-rpath -Wl,/usr/local/Cellar/jpeg/9c//lib
dsymutil .libs/gd.so || :
creating gd.la
(cd .libs && rm -f gd.la && ln -s ../gd.la gd.la)
/bin/sh /Users/macpro/.phpbrew/build/php-7.1.24/ext/gd/libtool --mode=install cp ./gd.la /Users/macpro/.phpbrew/build/php-7.1.24/ext/gd/modules
cp ./.libs/gd.so /Users/macpro/.phpbrew/build/php-7.1.24/ext/gd/modules/gd.so
cp ./.libs/gd.lai /Users/macpro/.phpbrew/build/php-7.1.24/ext/gd/modules/gd.la
----------------------------------------------------------------------
Libraries have been installed in:
   /Users/macpro/.phpbrew/build/php-7.1.24/ext/gd/modules

If you ever happen to want to link against installed libraries
in a given directory, LIBDIR, you must either use libtool, and
specify the full pathname of the library, or use the `-LLIBDIR'
flag during linking and do at least one of the following:
   - add LIBDIR to the `DYLD_LIBRARY_PATH' environment variable
     during execution

See any operating system documentation about shared libraries for
more information, such as the ld(1) and ld.so(8) manual pages.
----------------------------------------------------------------------

Build complete.
Don't forget to run 'make test'.

Installing shared extensions:     /Users/macpro/.phpbrew/php/php-7.1.24/lib/php/extensions/no-debug-non-zts-20160303/
Installing header files:          /Users/macpro/.phpbrew/php/php-7.1.24/include/php/
